# JRE version: OpenJDK Runtime Environment Temurin-21.0.11+10 (21.0.11+10) (build 21.0.11+10-LTS)
# Java VM: OpenJDK 64-Bit Server VM Temurin-21.0.11+10 (21.0.11+10-LTS, mixed mode, sharing, tiered, compressed oops, compressed class ptrs, parallel gc, windows-amd64)
GC Precious Log:
 CardTable entry size: 512
 CPUs: 12 total, 12 available
 Memory: 5989M
 Large Page Support: Disabled
 NUMA Support: Disabled
 Compressed Oops: Enabled (32-bit)
 Alignments: Space 512K, Generation 512K, Heap 2M
 Heap Min Capacity: 100M
 Heap Initial Capacity: 100M
 Heap Max Capacity: 2G
 Pre-touch: Disabled
 Parallel Workers: 10
Heap:
 PSYoungGen      total 11776K, used 1056K [0x00000000d5580000, 0x00000000d6700000, 0x0000000100000000)
  eden space 11264K, 6% used [0x00000000d5580000,0x00000000d5630348,0x00000000d6080000)
  from space 512K, 68% used [0x00000000d6680000,0x00000000d66d8000,0x00000000d6700000)
  to   space 1024K, 0% used [0x00000000d6500000,0x00000000d6500000,0x00000000d6600000)
 ParOldGen       total 907264K, used 616976K [0x0000000080000000, 0x00000000b7600000, 0x00000000d5580000)
  object space 907264K, 68% used [0x0000000080000000,0x00000000a5a84238,0x00000000b7600000)
 Metaspace       used 99248K, committed 101120K, reserved 1179648K
  class space    used 9862K, committed 10688K, reserved 1048576K
GC Heap History (20 events):
Event: 9085.781 GC heap before
{Heap before GC invocations=3972 (full 7):
 PSYoungGen      total 7168K, used 6740K [0x00000000d5580000, 0x00000000d6200000, 0x0000000100000000)
  eden space 6144K, 100% used [0x00000000d5580000,0x00000000d5b80000,0x00000000d5b80000)
  from space 1024K, 58% used [0x00000000d6100000,0x00000000d6195200,0x00000000d6200000)
  to   space 1024K, 0% used [0x00000000d6000000,0x00000000d6000000,0x00000000d6100000)
 ParOldGen       total 907264K, used 589336K [0x0000000080000000, 0x00000000b7600000, 0x00000000d5580000)
  object space 907264K, 64% used [0x0000000080000000,0x00000000a3f86320,0x00000000b7600000)
 Metaspace       used 99203K, committed 101056K, reserved 1179648K
  class space    used 9861K, committed 10688K, reserved 1048576K
}
Event: 9085.784 GC heap after
{Heap after GC invocations=3972 (full 7):
 PSYoungGen      total 7168K, used 224K [0x00000000d5580000, 0x00000000d6180000, 0x0000000100000000)
  eden space 6144K, 0% used [0x00000000d5580000,0x00000000d5580000,0x00000000d5b80000)
  from space 1024K, 21% used [0x00000000d6000000,0x00000000d6038000,0x00000000d6100000)
  to   space 512K, 0% used [0x00000000d6100000,0x00000000d6100000,0x00000000d6180000)
 ParOldGen       total 907264K, used 589344K [0x0000000080000000, 0x00000000b7600000, 0x00000000d5580000)
  object space 907264K, 64% used [0x0000000080000000,0x00000000a3f88320,0x00000000b7600000)
 Metaspace       used 99203K, committed 101056K, reserved 1179648K
  class space    used 9861K, committed 10688K, reserved 1048576K
}
Event: 9086.198 GC heap before
{Heap before GC invocations=3973 (full 7):
 PSYoungGen      total 7168K, used 6368K [0x00000000d5580000, 0x00000000d6180000, 0x0000000100000000)
  eden space 6144K, 100% used [0x00000000d5580000,0x00000000d5b80000,0x00000000d5b80000)
  from space 1024K, 21% used [0x00000000d6000000,0x00000000d6038000,0x00000000d6100000)
  to   space 512K, 0% used [0x00000000d6100000,0x00000000d6100000,0x00000000d6180000)
 ParOldGen       total 907264K, used 589344K [0x0000000080000000, 0x00000000b7600000, 0x00000000d5580000)
  object space 907264K, 64% used [0x0000000080000000,0x00000000a3f88320,0x00000000b7600000)
 Metaspace       used 99206K, committed 101056K, reserved 1179648K
  class space    used 9861K, committed 10688K, reserved 1048576K
}
Event: 9086.210 GC heap after
{Heap after GC invocations=3973 (full 7):
 PSYoungGen      total 6656K, used 512K [0x00000000d5580000, 0x00000000d6380000, 0x0000000100000000)
  eden space 6144K, 0% used [0x00000000d5580000,0x00000000d5580000,0x00000000d5b80000)
  from space 512K, 100% used [0x00000000d6100000,0x00000000d6180000,0x00000000d6180000)
  to   space 4096K, 0% used [0x00000000d5b80000,0x00000000d5b80000,0x00000000d5f80000)
 ParOldGen       total 907264K, used 592052K [0x0000000080000000, 0x00000000b7600000, 0x00000000d5580000)
  object space 907264K, 65% used [0x0000000080000000,0x00000000a422d370,0x00000000b7600000)
 Metaspace       used 99206K, committed 101056K, reserved 1179648K
  class space    used 9861K, committed 10688K, reserved 1048576K
}
Event: 9086.223 GC heap before
{Heap before GC invocations=3974 (full 7):
 PSYoungGen      total 6656K, used 6656K [0x00000000d5580000, 0x00000000d6380000, 0x0000000100000000)
  eden space 6144K, 100% used [0x00000000d5580000,0x00000000d5b80000,0x00000000d5b80000)
  from space 512K, 100% used [0x00000000d6100000,0x00000000d6180000,0x00000000d6180000)
  to   space 4096K, 0% used [0x00000000d5b80000,0x00000000d5b80000,0x00000000d5f80000)
 ParOldGen       total 907264K, used 592052K [0x0000000080000000, 0x00000000b7600000, 0x00000000d5580000)
  object space 907264K, 65% used [0x0000000080000000,0x00000000a422d370,0x00000000b7600000)
 Metaspace       used 99209K, committed 101056K, reserved 1179648K
  class space    used 9861K, committed 10688K, reserved 1048576K
}
Event: 9086.236 GC heap after
{Heap after GC invocations=3974 (full 7):
 PSYoungGen      total 10240K, used 4096K [0x00000000d5580000, 0x00000000d6980000, 0x0000000100000000)
  eden space 6144K, 0% used [0x00000000d5580000,0x00000000d5580000,0x00000000d5b80000)
  from space 4096K, 100% used [0x00000000d5b80000,0x00000000d5f80000,0x00000000d5f80000)
  to   space 7168K, 0% used [0x00000000d6280000,0x00000000d6280000,0x00000000d6980000)
 ParOldGen       total 907264K, used 594100K [0x0000000080000000, 0x00000000b7600000, 0x00000000d5580000)
  object space 907264K, 65% used [0x0000000080000000,0x00000000a442d380,0x00000000b7600000)
 Metaspace       used 99209K, committed 101056K, reserved 1179648K
  class space    used 9861K, committed 10688K, reserved 1048576K
}
Event: 9086.258 GC heap before
{Heap before GC invocations=3975 (full 7):
 PSYoungGen      total 10240K, used 9640K [0x00000000d5580000, 0x00000000d6980000, 0x0000000100000000)
  eden space 6144K, 90% used [0x00000000d5580000,0x00000000d5aea200,0x00000000d5b80000)
  from space 4096K, 100% used [0x00000000d5b80000,0x00000000d5f80000,0x00000000d5f80000)
  to   space 7168K, 0% used [0x00000000d6280000,0x00000000d6280000,0x00000000d6980000)
 ParOldGen       total 907264K, used 594100K [0x0000000080000000, 0x00000000b7600000, 0x00000000d5580000)
  object space 907264K, 65% used [0x0000000080000000,0x00000000a442d380,0x00000000b7600000)
 Metaspace       used 99209K, committed 101056K, reserved 1179648K
  class space    used 9861K, committed 10688K, reserved 1048576K
}
Event: 9086.277 GC heap after
{Heap after GC invocations=3975 (full 7):
 PSYoungGen      total 13312K, used 5000K [0x00000000d5580000, 0x00000000d6800000, 0x0000000100000000)
  eden space 7680K, 0% used [0x00000000d5580000,0x00000000d5580000,0x00000000d5d00000)
  from space 5632K, 88% used [0x00000000d6280000,0x00000000d6762000,0x00000000d6800000)
  to   space 5632K, 0% used [0x00000000d5d00000,0x00000000d5d00000,0x00000000d6280000)
 ParOldGen       total 907264K, used 598268K [0x0000000080000000, 0x00000000b7600000, 0x00000000d5580000)
  object space 907264K, 65% used [0x0000000080000000,0x00000000a483f380,0x00000000b7600000)
 Metaspace       used 99209K, committed 101056K, reserved 1179648K
  class space    used 9861K, committed 10688K, reserved 1048576K
}
Event: 9086.347 GC heap before
{Heap before GC invocations=3976 (full 7):
 PSYoungGen      total 13312K, used 12680K [0x00000000d5580000, 0x00000000d6800000, 0x0000000100000000)
  eden space 7680K, 100% used [0x00000000d5580000,0x00000000d5d00000,0x00000000d5d00000)
  from space 5632K, 88% used [0x00000000d6280000,0x00000000d6762000,0x00000000d6800000)
  to   space 5632K, 0% used [0x00000000d5d00000,0x00000000d5d00000,0x00000000d6280000)
 ParOldGen       total 907264K, used 598268K [0x0000000080000000, 0x00000000b7600000, 0x00000000d5580000)
  object space 907264K, 65% used [0x0000000080000000,0x00000000a483f380,0x00000000b7600000)
 Metaspace       used 99209K, committed 101056K, reserved 1179648K
  class space    used 9861K, committed 10688K, reserved 1048576K
}
Event: 9086.372 GC heap after
{Heap after GC invocations=3976 (full 7):
 PSYoungGen      total 13312K, used 5624K [0x00000000d5580000, 0x00000000d7880000, 0x0000000100000000)
  eden space 7680K, 0% used [0x00000000d5580000,0x00000000d5580000,0x00000000d5d00000)
  from space 5632K, 99% used [0x00000000d5d00000,0x00000000d627e270,0x00000000d6280000)
  to   space 13312K, 0% used [0x00000000d6b80000,0x00000000d6b80000,0x00000000d7880000)
 ParOldGen       total 907264K, used 604420K [0x0000000080000000, 0x00000000b7600000, 0x00000000d5580000)
  object space 907264K, 66% used [0x0000000080000000,0x00000000a4e41380,0x00000000b7600000)
 Metaspace       used 99209K, committed 101056K, reserved 1179648K
  class space    used 9861K, committed 10688K, reserved 1048576K
}
Event: 9086.522 GC heap before
{Heap before GC invocations=3977 (full 7):
 PSYoungGen      total 13312K, used 13221K [0x00000000d5580000, 0x00000000d7880000, 0x0000000100000000)
  eden space 7680K, 98% used [0x00000000d5580000,0x00000000d5ceb540,0x00000000d5d00000)
  from space 5632K, 99% used [0x00000000d5d00000,0x00000000d627e270,0x00000000d6280000)
  to   space 13312K, 0% used [0x00000000d6b80000,0x00000000d6b80000,0x00000000d7880000)
 ParOldGen       total 907264K, used 604420K [0x0000000080000000, 0x00000000b7600000, 0x00000000d5580000)
  object space 907264K, 66% used [0x0000000080000000,0x00000000a4e41380,0x00000000b7600000)
 Metaspace       used 99219K, committed 101056K, reserved 1179648K
  class space    used 9861K, committed 10688K, reserved 1048576K
}
Event: 9086.547 GC heap after
{Heap after GC invocations=3977 (full 7):
 PSYoungGen      total 14336K, used 4801K [0x00000000d5580000, 0x00000000d7080000, 0x0000000100000000)
  eden space 9216K, 0% used [0x00000000d5580000,0x00000000d5580000,0x00000000d5e80000)
  from space 5120K, 93% used [0x00000000d6b80000,0x00000000d7030440,0x00000000d7080000)
  to   space 7680K, 0% used [0x00000000d6180000,0x00000000d6180000,0x00000000d6900000)
 ParOldGen       total 907264K, used 610133K [0x0000000080000000, 0x00000000b7600000, 0x00000000d5580000)
  object space 907264K, 67% used [0x0000000080000000,0x00000000a53d55f0,0x00000000b7600000)
 Metaspace       used 99219K, committed 101056K, reserved 1179648K
  class space    used 9861K, committed 10688K, reserved 1048576K
}
Event: 9086.604 GC heap before
{Heap before GC invocations=3978 (full 7):
 PSYoungGen      total 14336K, used 14017K [0x00000000d5580000, 0x00000000d7080000, 0x0000000100000000)
  eden space 9216K, 99% used [0x00000000d5580000,0x00000000d5e7ffe0,0x00000000d5e80000)
  from space 5120K, 93% used [0x00000000d6b80000,0x00000000d7030440,0x00000000d7080000)
  to   space 7680K, 0% used [0x00000000d6180000,0x00000000d6180000,0x00000000d6900000)
 ParOldGen       total 907264K, used 610133K [0x0000000080000000, 0x00000000b7600000, 0x00000000d5580000)
  object space 907264K, 67% used [0x0000000080000000,0x00000000a53d55f0,0x00000000b7600000)
 Metaspace       used 99222K, committed 101056K, reserved 1179648K
  class space    used 9861K, committed 10688K, reserved 1048576K
}
Event: 9086.628 GC heap after
{Heap after GC invocations=3978 (full 7):
 PSYoungGen      total 14848K, used 3369K [0x00000000d5580000, 0x00000000d6c00000, 0x0000000100000000)
  eden space 11264K, 0% used [0x00000000d5580000,0x00000000d5580000,0x00000000d6080000)
  from space 3584K, 94% used [0x00000000d6180000,0x00000000d64ca5e0,0x00000000d6500000)
  to   space 4608K, 0% used [0x00000000d6780000,0x00000000d6780000,0x00000000d6c00000)
 ParOldGen       total 907264K, used 614848K [0x0000000080000000, 0x00000000b7600000, 0x00000000d5580000)
  object space 907264K, 67% used [0x0000000080000000,0x00000000a58700e8,0x00000000b7600000)
 Metaspace       used 99222K, committed 101056K, reserved 1179648K
  class space    used 9861K, committed 10688K, reserved 1048576K
}
Event: 9086.978 GC heap before
{Heap before GC invocations=3979 (full 7):
 PSYoungGen      total 14848K, used 14633K [0x00000000d5580000, 0x00000000d6c00000, 0x0000000100000000)
  eden space 11264K, 100% used [0x00000000d5580000,0x00000000d6080000,0x00000000d6080000)
  from space 3584K, 94% used [0x00000000d6180000,0x00000000d64ca5e0,0x00000000d6500000)
  to   space 4608K, 0% used [0x00000000d6780000,0x00000000d6780000,0x00000000d6c00000)
 ParOldGen       total 907264K, used 614848K [0x0000000080000000, 0x00000000b7600000, 0x00000000d5580000)
  object space 907264K, 67% used [0x0000000080000000,0x00000000a58700e8,0x00000000b7600000)
 Metaspace       used 99238K, committed 101120K, reserved 1179648K
  class space    used 9862K, committed 10688K, reserved 1048576K
}
Event: 9086.988 GC heap after
{Heap after GC invocations=3979 (full 7):
 PSYoungGen      total 12800K, used 1300K [0x00000000d5580000, 0x00000000d6900000, 0x0000000100000000)
  eden space 11264K, 0% used [0x00000000d5580000,0x00000000d5580000,0x00000000d6080000)
  from space 1536K, 84% used [0x00000000d6780000,0x00000000d68c5220,0x00000000d6900000)
  to   space 2560K, 0% used [0x00000000d6400000,0x00000000d6400000,0x00000000d6680000)
 ParOldGen       total 907264K, used 615600K [0x0000000080000000, 0x00000000b7600000, 0x00000000d5580000)
  object space 907264K, 67% used [0x0000000080000000,0x00000000a592c108,0x00000000b7600000)
 Metaspace       used 99238K, committed 101120K, reserved 1179648K
  class space    used 9862K, committed 10688K, reserved 1048576K
}
Event: 9087.444 GC heap before
{Heap before GC invocations=3980 (full 7):
 PSYoungGen      total 12800K, used 12564K [0x00000000d5580000, 0x00000000d6900000, 0x0000000100000000)
  eden space 11264K, 100% used [0x00000000d5580000,0x00000000d6080000,0x00000000d6080000)
  from space 1536K, 84% used [0x00000000d6780000,0x00000000d68c5220,0x00000000d6900000)
  to   space 2560K, 0% used [0x00000000d6400000,0x00000000d6400000,0x00000000d6680000)
 ParOldGen       total 907264K, used 615600K [0x0000000080000000, 0x00000000b7600000, 0x00000000d5580000)
  object space 907264K, 67% used [0x0000000080000000,0x00000000a592c108,0x00000000b7600000)
 Metaspace       used 99238K, committed 101120K, reserved 1179648K
  class space    used 9862K, committed 10688K, reserved 1048576K
}
Event: 9087.449 GC heap after
{Heap after GC invocations=3980 (full 7):
 PSYoungGen      total 13824K, used 1220K [0x00000000d5580000, 0x00000000d6800000, 0x0000000100000000)
  eden space 11264K, 0% used [0x00000000d5580000,0x00000000d5580000,0x00000000d6080000)
  from space 2560K, 47% used [0x00000000d6400000,0x00000000d6531210,0x00000000d6680000)
  to   space 1536K, 0% used [0x00000000d6680000,0x00000000d6680000,0x00000000d6800000)
 ParOldGen       total 907264K, used 615892K [0x0000000080000000, 0x00000000b7600000, 0x00000000d5580000)
  object space 907264K, 67% used [0x0000000080000000,0x00000000a5975008,0x00000000b7600000)
 Metaspace       used 99238K, committed 101120K, reserved 1179648K
  class space    used 9862K, committed 10688K, reserved 1048576K
}
Event: 9109.540 GC heap before
{Heap before GC invocations=3981 (full 7):
 PSYoungGen      total 13824K, used 12484K [0x00000000d5580000, 0x00000000d6800000, 0x0000000100000000)
  eden space 11264K, 100% used [0x00000000d5580000,0x00000000d6080000,0x00000000d6080000)
  from space 2560K, 47% used [0x00000000d6400000,0x00000000d6531210,0x00000000d6680000)
  to   space 1536K, 0% used [0x00000000d6680000,0x00000000d6680000,0x00000000d6800000)
 ParOldGen       total 907264K, used 615892K [0x0000000080000000, 0x00000000b7600000, 0x00000000d5580000)
  object space 907264K, 67% used [0x0000000080000000,0x00000000a5975008,0x00000000b7600000)
 Metaspace       used 99248K, committed 101120K, reserved 1179648K
  class space    used 9862K, committed 10688K, reserved 1048576K
}
Event: 9109.678 GC heap after
{Heap after GC invocations=3981 (full 7):
 PSYoungGen      total 11776K, used 352K [0x00000000d5580000, 0x00000000d6700000, 0x0000000100000000)
  eden space 11264K, 0% used [0x00000000d5580000,0x00000000d5580000,0x00000000d6080000)
  from space 512K, 68% used [0x00000000d6680000,0x00000000d66d8000,0x00000000d6700000)
  to   space 1024K, 0% used [0x00000000d6500000,0x00000000d6500000,0x00000000d6600000)
 ParOldGen       total 907264K, used 616976K [0x0000000080000000, 0x00000000b7600000, 0x00000000d5580000)
  object space 907264K, 68% used [0x0000000080000000,0x00000000a5a84238,0x00000000b7600000)
 Metaspace       used 99248K, committed 101120K, reserved 1179648K
  class space    used 9862K, committed 10688K, reserved 1048576K
}

