# JRE version: OpenJDK Runtime Environment Temurin-21.0.11+10 (21.0.11+10) (build 21.0.11+10-LTS)
# Java VM: OpenJDK 64-Bit Server VM Temurin-21.0.11+10 (21.0.11+10-LTS, mixed mode, sharing, tiered, compressed oops, compressed class ptrs, parallel gc, windows-amd64)
GC Precious Log:
 CardTable entry size: 512
 CPUs: 12 total, 12 available
 Memory: 5989M
 Large Page Support: Disabled
 NUMA Support: Disabled
 Compressed Oops: Enabled (32-bit)
 Alignments: Space 512K, Generation 512K, Heap 2M
 Heap Min Capacity: 100M
 Heap Initial Capacity: 100M
 Heap Max Capacity: 2G
 Pre-touch: Disabled
 Parallel Workers: 10
Heap:
 PSYoungGen      total 2048K, used 1421K [0x00000000d5580000, 0x00000000d5880000, 0x0000000100000000)
  eden space 1536K, 72% used [0x00000000d5580000,0x00000000d5696948,0x00000000d5700000)
  from space 512K, 68% used [0x00000000d5780000,0x00000000d57d8020,0x00000000d5800000)
  to   space 512K, 0% used [0x00000000d5800000,0x00000000d5800000,0x00000000d5880000)
 ParOldGen       total 289792K, used 113669K [0x0000000080000000, 0x0000000091b00000, 0x00000000d5580000)
  object space 289792K, 39% used [0x0000000080000000,0x0000000086f01760,0x0000000091b00000)
 Metaspace       used 74636K, committed 76288K, reserved 1179648K
  class space    used 7487K, committed 8320K, reserved 1048576K
GC Heap History (20 events):
Event: 5536.174 GC heap before
{Heap before GC invocations=1248 (full 4):
 PSYoungGen      total 2048K, used 1952K [0x00000000d5580000, 0x00000000d5880000, 0x0000000100000000)
  eden space 1536K, 100% used [0x00000000d5580000,0x00000000d5700000,0x00000000d5700000)
  from space 512K, 81% used [0x00000000d5780000,0x00000000d57e8020,0x00000000d5800000)
  to   space 512K, 0% used [0x00000000d5800000,0x00000000d5800000,0x00000000d5880000)
 ParOldGen       total 289792K, used 112327K [0x0000000080000000, 0x0000000091b00000, 0x00000000d5580000)
  object space 289792K, 38% used [0x0000000080000000,0x0000000086db1d70,0x0000000091b00000)
 Metaspace       used 74322K, committed 76096K, reserved 1179648K
  class space    used 7434K, committed 8320K, reserved 1048576K
}
Event: 5536.175 GC heap after
{Heap after GC invocations=1248 (full 4):
 PSYoungGen      total 2048K, used 256K [0x00000000d5580000, 0x00000000d5880000, 0x0000000100000000)
  eden space 1536K, 0% used [0x00000000d5580000,0x00000000d5580000,0x00000000d5700000)
  from space 512K, 50% used [0x00000000d5800000,0x00000000d5840000,0x00000000d5880000)
  to   space 512K, 0% used [0x00000000d5780000,0x00000000d5780000,0x00000000d5800000)
 ParOldGen       total 289792K, used 112527K [0x0000000080000000, 0x0000000091b00000, 0x00000000d5580000)
  object space 289792K, 38% used [0x0000000080000000,0x0000000086de3d90,0x0000000091b00000)
 Metaspace       used 74322K, committed 76096K, reserved 1179648K
  class space    used 7434K, committed 8320K, reserved 1048576K
}
Event: 5536.205 GC heap before
{Heap before GC invocations=1249 (full 4):
 PSYoungGen      total 2048K, used 1792K [0x00000000d5580000, 0x00000000d5880000, 0x0000000100000000)
  eden space 1536K, 100% used [0x00000000d5580000,0x00000000d5700000,0x00000000d5700000)
  from space 512K, 50% used [0x00000000d5800000,0x00000000d5840000,0x00000000d5880000)
  to   space 512K, 0% used [0x00000000d5780000,0x00000000d5780000,0x00000000d5800000)
 ParOldGen       total 289792K, used 112527K [0x0000000080000000, 0x0000000091b00000, 0x00000000d5580000)
  object space 289792K, 38% used [0x0000000080000000,0x0000000086de3d90,0x0000000091b00000)
 Metaspace       used 74323K, committed 76096K, reserved 1179648K
  class space    used 7434K, committed 8320K, reserved 1048576K
}
Event: 5536.207 GC heap after
{Heap after GC invocations=1249 (full 4):
 PSYoungGen      total 2048K, used 512K [0x00000000d5580000, 0x00000000d5900000, 0x0000000100000000)
  eden space 1536K, 0% used [0x00000000d5580000,0x00000000d5580000,0x00000000d5700000)
  from space 512K, 100% used [0x00000000d5780000,0x00000000d5800000,0x00000000d5800000)
  to   space 1024K, 0% used [0x00000000d5800000,0x00000000d5800000,0x00000000d5900000)
 ParOldGen       total 289792K, used 112703K [0x0000000080000000, 0x0000000091b00000, 0x00000000d5580000)
  object space 289792K, 38% used [0x0000000080000000,0x0000000086e0fdb0,0x0000000091b00000)
 Metaspace       used 74323K, committed 76096K, reserved 1179648K
  class space    used 7434K, committed 8320K, reserved 1048576K
}
Event: 5536.722 GC heap before
{Heap before GC invocations=1250 (full 4):
 PSYoungGen      total 2048K, used 2022K [0x00000000d5580000, 0x00000000d5900000, 0x0000000100000000)
  eden space 1536K, 98% used [0x00000000d5580000,0x00000000d56f9818,0x00000000d5700000)
  from space 512K, 100% used [0x00000000d5780000,0x00000000d5800000,0x00000000d5800000)
  to   space 1024K, 0% used [0x00000000d5800000,0x00000000d5800000,0x00000000d5900000)
 ParOldGen       total 289792K, used 112703K [0x0000000080000000, 0x0000000091b00000, 0x00000000d5580000)
  object space 289792K, 38% used [0x0000000080000000,0x0000000086e0fdb0,0x0000000091b00000)
 Metaspace       used 74372K, committed 76096K, reserved 1179648K
  class space    used 7436K, committed 8320K, reserved 1048576K
}
Event: 5536.724 GC heap after
{Heap after GC invocations=1250 (full 4):
 PSYoungGen      total 2048K, used 352K [0x00000000d5580000, 0x00000000d5880000, 0x0000000100000000)
  eden space 1536K, 0% used [0x00000000d5580000,0x00000000d5580000,0x00000000d5700000)
  from space 512K, 68% used [0x00000000d5800000,0x00000000d5858000,0x00000000d5880000)
  to   space 512K, 0% used [0x00000000d5780000,0x00000000d5780000,0x00000000d5800000)
 ParOldGen       total 289792K, used 113043K [0x0000000080000000, 0x0000000091b00000, 0x00000000d5580000)
  object space 289792K, 39% used [0x0000000080000000,0x0000000086e64dc0,0x0000000091b00000)
 Metaspace       used 74372K, committed 76096K, reserved 1179648K
  class space    used 7436K, committed 8320K, reserved 1048576K
}
Event: 5536.987 GC heap before
{Heap before GC invocations=1251 (full 4):
 PSYoungGen      total 2048K, used 1888K [0x00000000d5580000, 0x00000000d5880000, 0x0000000100000000)
  eden space 1536K, 100% used [0x00000000d5580000,0x00000000d5700000,0x00000000d5700000)
  from space 512K, 68% used [0x00000000d5800000,0x00000000d5858000,0x00000000d5880000)
  to   space 512K, 0% used [0x00000000d5780000,0x00000000d5780000,0x00000000d5800000)
 ParOldGen       total 289792K, used 113043K [0x0000000080000000, 0x0000000091b00000, 0x00000000d5580000)
  object space 289792K, 39% used [0x0000000080000000,0x0000000086e64dc0,0x0000000091b00000)
 Metaspace       used 74478K, committed 76160K, reserved 1179648K
  class space    used 7461K, committed 8320K, reserved 1048576K
}
Event: 5536.989 GC heap after
{Heap after GC invocations=1251 (full 4):
 PSYoungGen      total 2048K, used 314K [0x00000000d5580000, 0x00000000d5880000, 0x0000000100000000)
  eden space 1536K, 0% used [0x00000000d5580000,0x00000000d5580000,0x00000000d5700000)
  from space 512K, 61% used [0x00000000d5780000,0x00000000d57ce900,0x00000000d5800000)
  to   space 512K, 0% used [0x00000000d5800000,0x00000000d5800000,0x00000000d5880000)
 ParOldGen       total 289792K, used 113249K [0x0000000080000000, 0x0000000091b00000, 0x00000000d5580000)
  object space 289792K, 39% used [0x0000000080000000,0x0000000086e985c0,0x0000000091b00000)
 Metaspace       used 74478K, committed 76160K, reserved 1179648K
  class space    used 7461K, committed 8320K, reserved 1048576K
}
Event: 5542.066 GC heap before
{Heap before GC invocations=1252 (full 4):
 PSYoungGen      total 2048K, used 1850K [0x00000000d5580000, 0x00000000d5880000, 0x0000000100000000)
  eden space 1536K, 99% used [0x00000000d5580000,0x00000000d56ffff8,0x00000000d5700000)
  from space 512K, 61% used [0x00000000d5780000,0x00000000d57ce900,0x00000000d5800000)
  to   space 512K, 0% used [0x00000000d5800000,0x00000000d5800000,0x00000000d5880000)
 ParOldGen       total 289792K, used 113249K [0x0000000080000000, 0x0000000091b00000, 0x00000000d5580000)
  object space 289792K, 39% used [0x0000000080000000,0x0000000086e985c0,0x0000000091b00000)
 Metaspace       used 74567K, committed 76224K, reserved 1179648K
  class space    used 7482K, committed 8320K, reserved 1048576K
}
Event: 5542.068 GC heap after
{Heap after GC invocations=1252 (full 4):
 PSYoungGen      total 2048K, used 288K [0x00000000d5580000, 0x00000000d5880000, 0x0000000100000000)
  eden space 1536K, 0% used [0x00000000d5580000,0x00000000d5580000,0x00000000d5700000)
  from space 512K, 56% used [0x00000000d5800000,0x00000000d5848000,0x00000000d5880000)
  to   space 512K, 0% used [0x00000000d5780000,0x00000000d5780000,0x00000000d5800000)
 ParOldGen       total 289792K, used 113347K [0x0000000080000000, 0x0000000091b00000, 0x00000000d5580000)
  object space 289792K, 39% used [0x0000000080000000,0x0000000086eb0ec0,0x0000000091b00000)
 Metaspace       used 74567K, committed 76224K, reserved 1179648K
  class space    used 7482K, committed 8320K, reserved 1048576K
}
Event: 5546.568 GC heap before
{Heap before GC invocations=1253 (full 4):
 PSYoungGen      total 2048K, used 1824K [0x00000000d5580000, 0x00000000d5880000, 0x0000000100000000)
  eden space 1536K, 100% used [0x00000000d5580000,0x00000000d5700000,0x00000000d5700000)
  from space 512K, 56% used [0x00000000d5800000,0x00000000d5848000,0x00000000d5880000)
  to   space 512K, 0% used [0x00000000d5780000,0x00000000d5780000,0x00000000d5800000)
 ParOldGen       total 289792K, used 113347K [0x0000000080000000, 0x0000000091b00000, 0x00000000d5580000)
  object space 289792K, 39% used [0x0000000080000000,0x0000000086eb0ec0,0x0000000091b00000)
 Metaspace       used 74581K, committed 76288K, reserved 1179648K
  class space    used 7482K, committed 8320K, reserved 1048576K
}
Event: 5546.570 GC heap after
{Heap after GC invocations=1253 (full 4):
 PSYoungGen      total 2048K, used 256K [0x00000000d5580000, 0x00000000d5880000, 0x0000000100000000)
  eden space 1536K, 0% used [0x00000000d5580000,0x00000000d5580000,0x00000000d5700000)
  from space 512K, 50% used [0x00000000d5780000,0x00000000d57c0000,0x00000000d5800000)
  to   space 512K, 0% used [0x00000000d5800000,0x00000000d5800000,0x00000000d5880000)
 ParOldGen       total 289792K, used 113403K [0x0000000080000000, 0x0000000091b00000, 0x00000000d5580000)
  object space 289792K, 39% used [0x0000000080000000,0x0000000086ebeec0,0x0000000091b00000)
 Metaspace       used 74581K, committed 76288K, reserved 1179648K
  class space    used 7482K, committed 8320K, reserved 1048576K
}
Event: 5546.644 GC heap before
{Heap before GC invocations=1254 (full 4):
 PSYoungGen      total 2048K, used 1792K [0x00000000d5580000, 0x00000000d5880000, 0x0000000100000000)
  eden space 1536K, 100% used [0x00000000d5580000,0x00000000d5700000,0x00000000d5700000)
  from space 512K, 50% used [0x00000000d5780000,0x00000000d57c0000,0x00000000d5800000)
  to   space 512K, 0% used [0x00000000d5800000,0x00000000d5800000,0x00000000d5880000)
 ParOldGen       total 289792K, used 113403K [0x0000000080000000, 0x0000000091b00000, 0x00000000d5580000)
  object space 289792K, 39% used [0x0000000080000000,0x0000000086ebeec0,0x0000000091b00000)
 Metaspace       used 74610K, committed 76288K, reserved 1179648K
  class space    used 7487K, committed 8320K, reserved 1048576K
}
Event: 5546.646 GC heap after
{Heap after GC invocations=1254 (full 4):
 PSYoungGen      total 2048K, used 314K [0x00000000d5580000, 0x00000000d5880000, 0x0000000100000000)
  eden space 1536K, 0% used [0x00000000d5580000,0x00000000d5580000,0x00000000d5700000)
  from space 512K, 61% used [0x00000000d5800000,0x00000000d584e900,0x00000000d5880000)
  to   space 512K, 0% used [0x00000000d5780000,0x00000000d5780000,0x00000000d5800000)
 ParOldGen       total 289792K, used 113443K [0x0000000080000000, 0x0000000091b00000, 0x00000000d5580000)
  object space 289792K, 39% used [0x0000000080000000,0x0000000086ec8ec0,0x0000000091b00000)
 Metaspace       used 74610K, committed 76288K, reserved 1179648K
  class space    used 7487K, committed 8320K, reserved 1048576K
}
Event: 5548.370 GC heap before
{Heap before GC invocations=1255 (full 4):
 PSYoungGen      total 2048K, used 1832K [0x00000000d5580000, 0x00000000d5880000, 0x0000000100000000)
  eden space 1536K, 98% used [0x00000000d5580000,0x00000000d56fb7c8,0x00000000d5700000)
  from space 512K, 61% used [0x00000000d5800000,0x00000000d584e900,0x00000000d5880000)
  to   space 512K, 0% used [0x00000000d5780000,0x00000000d5780000,0x00000000d5800000)
 ParOldGen       total 289792K, used 113443K [0x0000000080000000, 0x0000000091b00000, 0x00000000d5580000)
  object space 289792K, 39% used [0x0000000080000000,0x0000000086ec8ec0,0x0000000091b00000)
 Metaspace       used 74611K, committed 76288K, reserved 1179648K
  class space    used 7487K, committed 8320K, reserved 1048576K
}
Event: 5548.372 GC heap after
{Heap after GC invocations=1255 (full 4):
 PSYoungGen      total 2048K, used 192K [0x00000000d5580000, 0x00000000d5880000, 0x0000000100000000)
  eden space 1536K, 0% used [0x00000000d5580000,0x00000000d5580000,0x00000000d5700000)
  from space 512K, 37% used [0x00000000d5780000,0x00000000d57b0000,0x00000000d5800000)
  to   space 512K, 0% used [0x00000000d5800000,0x00000000d5800000,0x00000000d5880000)
 ParOldGen       total 289792K, used 113523K [0x0000000080000000, 0x0000000091b00000, 0x00000000d5580000)
  object space 289792K, 39% used [0x0000000080000000,0x0000000086edcec0,0x0000000091b00000)
 Metaspace       used 74611K, committed 76288K, reserved 1179648K
  class space    used 7487K, committed 8320K, reserved 1048576K
}
Event: 5549.048 GC heap before
{Heap before GC invocations=1256 (full 4):
 PSYoungGen      total 2048K, used 1728K [0x00000000d5580000, 0x00000000d5880000, 0x0000000100000000)
  eden space 1536K, 100% used [0x00000000d5580000,0x00000000d5700000,0x00000000d5700000)
  from space 512K, 37% used [0x00000000d5780000,0x00000000d57b0000,0x00000000d5800000)
  to   space 512K, 0% used [0x00000000d5800000,0x00000000d5800000,0x00000000d5880000)
 ParOldGen       total 289792K, used 113523K [0x0000000080000000, 0x0000000091b00000, 0x00000000d5580000)
  object space 289792K, 39% used [0x0000000080000000,0x0000000086edcec0,0x0000000091b00000)
 Metaspace       used 74611K, committed 76288K, reserved 1179648K
  class space    used 7487K, committed 8320K, reserved 1048576K
}
Event: 5549.049 GC heap after
{Heap after GC invocations=1256 (full 4):
 PSYoungGen      total 2048K, used 256K [0x00000000d5580000, 0x00000000d5880000, 0x0000000100000000)
  eden space 1536K, 0% used [0x00000000d5580000,0x00000000d5580000,0x00000000d5700000)
  from space 512K, 50% used [0x00000000d5800000,0x00000000d5840000,0x00000000d5880000)
  to   space 512K, 0% used [0x00000000d5780000,0x00000000d5780000,0x00000000d5800000)
 ParOldGen       total 289792K, used 113523K [0x0000000080000000, 0x0000000091b00000, 0x00000000d5580000)
  object space 289792K, 39% used [0x0000000080000000,0x0000000086edcec0,0x0000000091b00000)
 Metaspace       used 74611K, committed 76288K, reserved 1179648K
  class space    used 7487K, committed 8320K, reserved 1048576K
}
Event: 5569.687 GC heap before
{Heap before GC invocations=1257 (full 4):
 PSYoungGen      total 2048K, used 1792K [0x00000000d5580000, 0x00000000d5880000, 0x0000000100000000)
  eden space 1536K, 100% used [0x00000000d5580000,0x00000000d5700000,0x00000000d5700000)
  from space 512K, 50% used [0x00000000d5800000,0x00000000d5840000,0x00000000d5880000)
  to   space 512K, 0% used [0x00000000d5780000,0x00000000d5780000,0x00000000d5800000)
 ParOldGen       total 289792K, used 113523K [0x0000000080000000, 0x0000000091b00000, 0x00000000d5580000)
  object space 289792K, 39% used [0x0000000080000000,0x0000000086edcec0,0x0000000091b00000)
 Metaspace       used 74629K, committed 76288K, reserved 1179648K
  class space    used 7487K, committed 8320K, reserved 1048576K
}
Event: 5569.730 GC heap after
{Heap after GC invocations=1257 (full 4):
 PSYoungGen      total 2048K, used 256K [0x00000000d5580000, 0x00000000d5880000, 0x0000000100000000)
  eden space 1536K, 0% used [0x00000000d5580000,0x00000000d5580000,0x00000000d5700000)
  from space 512K, 50% used [0x00000000d5780000,0x00000000d57c0000,0x00000000d5800000)
  to   space 512K, 0% used [0x00000000d5800000,0x00000000d5800000,0x00000000d5880000)
 ParOldGen       total 289792K, used 113531K [0x0000000080000000, 0x0000000091b00000, 0x00000000d5580000)
  object space 289792K, 39% used [0x0000000080000000,0x0000000086edeec0,0x0000000091b00000)
 Metaspace       used 74629K, committed 76288K, reserved 1179648K
  class space    used 7487K, committed 8320K, reserved 1048576K
}

