# JRE version: OpenJDK Runtime Environment Temurin-21.0.11+10 (21.0.11+10) (build 21.0.11+10-LTS)
# Java VM: OpenJDK 64-Bit Server VM Temurin-21.0.11+10 (21.0.11+10-LTS, mixed mode, sharing, tiered, compressed oops, compressed class ptrs, parallel gc, windows-amd64)
GC Precious Log:
 CardTable entry size: 512
 CPUs: 12 total, 12 available
 Memory: 5989M
 Large Page Support: Disabled
 NUMA Support: Disabled
 Compressed Oops: Enabled (32-bit)
 Alignments: Space 512K, Generation 512K, Heap 2M
 Heap Min Capacity: 100M
 Heap Initial Capacity: 100M
 Heap Max Capacity: 2G
 Pre-touch: Disabled
 Parallel Workers: 10
Heap:
 PSYoungGen      total 13312K, used 9640K [0x00000000d5580000, 0x00000000d6400000, 0x0000000100000000)
  eden space 11776K, 72% used [0x00000000d5580000,0x00000000d5de2280,0x00000000d6100000)
  from space 1536K, 68% used [0x00000000d6280000,0x00000000d6388060,0x00000000d6400000)
  to   space 1536K, 0% used [0x00000000d6100000,0x00000000d6100000,0x00000000d6280000)
 ParOldGen       total 313856K, used 92442K [0x0000000080000000, 0x0000000093280000, 0x00000000d5580000)
  object space 313856K, 29% used [0x0000000080000000,0x0000000085a46b78,0x0000000093280000)
 Metaspace       used 75217K, committed 76800K, reserved 1179648K
  class space    used 7672K, committed 8384K, reserved 1048576K
GC Heap History (20 events):
Event: 69.885 GC heap before
{Heap before GC invocations=784 (full 3):
 PSYoungGen      total 12288K, used 12096K [0x00000000d5580000, 0x00000000d6280000, 0x0000000100000000)
  eden space 11776K, 100% used [0x00000000d5580000,0x00000000d6100000,0x00000000d6100000)
  from space 512K, 62% used [0x00000000d6200000,0x00000000d6250000,0x00000000d6280000)
  to   space 512K, 0% used [0x00000000d6180000,0x00000000d6180000,0x00000000d6200000)
 ParOldGen       total 311808K, used 311346K [0x0000000080000000, 0x0000000093080000, 0x00000000d5580000)
  object space 311808K, 99% used [0x0000000080000000,0x000000009300c860,0x0000000093080000)
 Metaspace       used 75034K, committed 76672K, reserved 1179648K
  class space    used 7649K, committed 8384K, reserved 1048576K
}
Event: 69.887 GC heap after
{Heap after GC invocations=784 (full 3):
 PSYoungGen      total 12288K, used 378K [0x00000000d5580000, 0x00000000d6280000, 0x0000000100000000)
  eden space 11776K, 0% used [0x00000000d5580000,0x00000000d5580000,0x00000000d6100000)
  from space 512K, 73% used [0x00000000d6180000,0x00000000d61de900,0x00000000d6200000)
  to   space 512K, 0% used [0x00000000d6200000,0x00000000d6200000,0x00000000d6280000)
 ParOldGen       total 311808K, used 311530K [0x0000000080000000, 0x0000000093080000, 0x00000000d5580000)
  object space 311808K, 99% used [0x0000000080000000,0x000000009303a860,0x0000000093080000)
 Metaspace       used 75034K, committed 76672K, reserved 1179648K
  class space    used 7649K, committed 8384K, reserved 1048576K
}
Event: 69.916 GC heap before
{Heap before GC invocations=785 (full 3):
 PSYoungGen      total 12288K, used 12154K [0x00000000d5580000, 0x00000000d6280000, 0x0000000100000000)
  eden space 11776K, 100% used [0x00000000d5580000,0x00000000d6100000,0x00000000d6100000)
  from space 512K, 73% used [0x00000000d6180000,0x00000000d61de900,0x00000000d6200000)
  to   space 512K, 0% used [0x00000000d6200000,0x00000000d6200000,0x00000000d6280000)
 ParOldGen       total 311808K, used 311530K [0x0000000080000000, 0x0000000093080000, 0x00000000d5580000)
  object space 311808K, 99% used [0x0000000080000000,0x000000009303a860,0x0000000093080000)
 Metaspace       used 75034K, committed 76672K, reserved 1179648K
  class space    used 7649K, committed 8384K, reserved 1048576K
}
Event: 69.919 GC heap after
{Heap after GC invocations=785 (full 3):
 PSYoungGen      total 12288K, used 480K [0x00000000d5580000, 0x00000000d6280000, 0x0000000100000000)
  eden space 11776K, 0% used [0x00000000d5580000,0x00000000d5580000,0x00000000d6100000)
  from space 512K, 93% used [0x00000000d6200000,0x00000000d6278000,0x00000000d6280000)
  to   space 512K, 0% used [0x00000000d6180000,0x00000000d6180000,0x00000000d6200000)
 ParOldGen       total 312320K, used 311854K [0x0000000080000000, 0x0000000093100000, 0x00000000d5580000)
  object space 312320K, 99% used [0x0000000080000000,0x000000009308ba60,0x0000000093100000)
 Metaspace       used 75034K, committed 76672K, reserved 1179648K
  class space    used 7649K, committed 8384K, reserved 1048576K
}
Event: 69.938 GC heap before
{Heap before GC invocations=786 (full 3):
 PSYoungGen      total 12288K, used 12256K [0x00000000d5580000, 0x00000000d6280000, 0x0000000100000000)
  eden space 11776K, 100% used [0x00000000d5580000,0x00000000d6100000,0x00000000d6100000)
  from space 512K, 93% used [0x00000000d6200000,0x00000000d6278000,0x00000000d6280000)
  to   space 512K, 0% used [0x00000000d6180000,0x00000000d6180000,0x00000000d6200000)
 ParOldGen       total 312320K, used 311854K [0x0000000080000000, 0x0000000093100000, 0x00000000d5580000)
  object space 312320K, 99% used [0x0000000080000000,0x000000009308ba60,0x0000000093100000)
 Metaspace       used 75034K, committed 76672K, reserved 1179648K
  class space    used 7649K, committed 8384K, reserved 1048576K
}
Event: 69.941 GC heap after
{Heap after GC invocations=786 (full 3):
 PSYoungGen      total 12288K, used 256K [0x00000000d5580000, 0x00000000d6280000, 0x0000000100000000)
  eden space 11776K, 0% used [0x00000000d5580000,0x00000000d5580000,0x00000000d6100000)
  from space 512K, 50% used [0x00000000d6180000,0x00000000d61c0000,0x00000000d6200000)
  to   space 512K, 0% used [0x00000000d6200000,0x00000000d6200000,0x00000000d6280000)
 ParOldGen       total 312320K, used 312166K [0x0000000080000000, 0x0000000093100000, 0x00000000d5580000)
  object space 312320K, 99% used [0x0000000080000000,0x00000000930d9a60,0x0000000093100000)
 Metaspace       used 75034K, committed 76672K, reserved 1179648K
  class space    used 7649K, committed 8384K, reserved 1048576K
}
Event: 69.969 GC heap before
{Heap before GC invocations=787 (full 3):
 PSYoungGen      total 12288K, used 12032K [0x00000000d5580000, 0x00000000d6280000, 0x0000000100000000)
  eden space 11776K, 100% used [0x00000000d5580000,0x00000000d6100000,0x00000000d6100000)
  from space 512K, 50% used [0x00000000d6180000,0x00000000d61c0000,0x00000000d6200000)
  to   space 512K, 0% used [0x00000000d6200000,0x00000000d6200000,0x00000000d6280000)
 ParOldGen       total 312320K, used 312166K [0x0000000080000000, 0x0000000093100000, 0x00000000d5580000)
  object space 312320K, 99% used [0x0000000080000000,0x00000000930d9a60,0x0000000093100000)
 Metaspace       used 75036K, committed 76672K, reserved 1179648K
  class space    used 7649K, committed 8384K, reserved 1048576K
}
Event: 69.971 GC heap after
{Heap after GC invocations=787 (full 3):
 PSYoungGen      total 12288K, used 288K [0x00000000d5580000, 0x00000000d6280000, 0x0000000100000000)
  eden space 11776K, 0% used [0x00000000d5580000,0x00000000d5580000,0x00000000d6100000)
  from space 512K, 56% used [0x00000000d6200000,0x00000000d6248000,0x00000000d6280000)
  to   space 512K, 0% used [0x00000000d6180000,0x00000000d6180000,0x00000000d6200000)
 ParOldGen       total 312320K, used 312262K [0x0000000080000000, 0x0000000093100000, 0x00000000d5580000)
  object space 312320K, 99% used [0x0000000080000000,0x00000000930f1a60,0x0000000093100000)
 Metaspace       used 75036K, committed 76672K, reserved 1179648K
  class space    used 7649K, committed 8384K, reserved 1048576K
}
Event: 69.989 GC heap before
{Heap before GC invocations=788 (full 3):
 PSYoungGen      total 12288K, used 12064K [0x00000000d5580000, 0x00000000d6280000, 0x0000000100000000)
  eden space 11776K, 100% used [0x00000000d5580000,0x00000000d6100000,0x00000000d6100000)
  from space 512K, 56% used [0x00000000d6200000,0x00000000d6248000,0x00000000d6280000)
  to   space 512K, 0% used [0x00000000d6180000,0x00000000d6180000,0x00000000d6200000)
 ParOldGen       total 312320K, used 312262K [0x0000000080000000, 0x0000000093100000, 0x00000000d5580000)
  object space 312320K, 99% used [0x0000000080000000,0x00000000930f1a60,0x0000000093100000)
 Metaspace       used 75038K, committed 76672K, reserved 1179648K
  class space    used 7649K, committed 8384K, reserved 1048576K
}
Event: 69.992 GC heap after
{Heap after GC invocations=788 (full 3):
 PSYoungGen      total 12288K, used 192K [0x00000000d5580000, 0x00000000d6280000, 0x0000000100000000)
  eden space 11776K, 0% used [0x00000000d5580000,0x00000000d5580000,0x00000000d6100000)
  from space 512K, 37% used [0x00000000d6180000,0x00000000d61b0000,0x00000000d6200000)
  to   space 512K, 0% used [0x00000000d6200000,0x00000000d6200000,0x00000000d6280000)
 ParOldGen       total 312832K, used 312326K [0x0000000080000000, 0x0000000093180000, 0x00000000d5580000)
  object space 312832K, 99% used [0x0000000080000000,0x0000000093101a60,0x0000000093180000)
 Metaspace       used 75038K, committed 76672K, reserved 1179648K
  class space    used 7649K, committed 8384K, reserved 1048576K
}
Event: 70.024 GC heap before
{Heap before GC invocations=789 (full 3):
 PSYoungGen      total 12288K, used 11968K [0x00000000d5580000, 0x00000000d6280000, 0x0000000100000000)
  eden space 11776K, 100% used [0x00000000d5580000,0x00000000d6100000,0x00000000d6100000)
  from space 512K, 37% used [0x00000000d6180000,0x00000000d61b0000,0x00000000d6200000)
  to   space 512K, 0% used [0x00000000d6200000,0x00000000d6200000,0x00000000d6280000)
 ParOldGen       total 312832K, used 312326K [0x0000000080000000, 0x0000000093180000, 0x00000000d5580000)
  object space 312832K, 99% used [0x0000000080000000,0x0000000093101a60,0x0000000093180000)
 Metaspace       used 75049K, committed 76672K, reserved 1179648K
  class space    used 7649K, committed 8384K, reserved 1048576K
}
Event: 70.028 GC heap after
{Heap after GC invocations=789 (full 3):
 PSYoungGen      total 12288K, used 256K [0x00000000d5580000, 0x00000000d6280000, 0x0000000100000000)
  eden space 11776K, 0% used [0x00000000d5580000,0x00000000d5580000,0x00000000d6100000)
  from space 512K, 50% used [0x00000000d6200000,0x00000000d6240000,0x00000000d6280000)
  to   space 512K, 0% used [0x00000000d6180000,0x00000000d6180000,0x00000000d6200000)
 ParOldGen       total 312832K, used 312414K [0x0000000080000000, 0x0000000093180000, 0x00000000d5580000)
  object space 312832K, 99% used [0x0000000080000000,0x0000000093117a60,0x0000000093180000)
 Metaspace       used 75049K, committed 76672K, reserved 1179648K
  class space    used 7649K, committed 8384K, reserved 1048576K
}
Event: 70.079 GC heap before
{Heap before GC invocations=790 (full 3):
 PSYoungGen      total 12288K, used 12032K [0x00000000d5580000, 0x00000000d6280000, 0x0000000100000000)
  eden space 11776K, 100% used [0x00000000d5580000,0x00000000d6100000,0x00000000d6100000)
  from space 512K, 50% used [0x00000000d6200000,0x00000000d6240000,0x00000000d6280000)
  to   space 512K, 0% used [0x00000000d6180000,0x00000000d6180000,0x00000000d6200000)
 ParOldGen       total 312832K, used 312414K [0x0000000080000000, 0x0000000093180000, 0x00000000d5580000)
  object space 312832K, 99% used [0x0000000080000000,0x0000000093117a60,0x0000000093180000)
 Metaspace       used 75063K, committed 76672K, reserved 1179648K
  class space    used 7649K, committed 8384K, reserved 1048576K
}
Event: 70.082 GC heap after
{Heap after GC invocations=790 (full 3):
 PSYoungGen      total 12288K, used 352K [0x00000000d5580000, 0x00000000d6280000, 0x0000000100000000)
  eden space 11776K, 0% used [0x00000000d5580000,0x00000000d5580000,0x00000000d6100000)
  from space 512K, 68% used [0x00000000d6180000,0x00000000d61d8000,0x00000000d6200000)
  to   space 512K, 0% used [0x00000000d6200000,0x00000000d6200000,0x00000000d6280000)
 ParOldGen       total 312832K, used 312534K [0x0000000080000000, 0x0000000093180000, 0x00000000d5580000)
  object space 312832K, 99% used [0x0000000080000000,0x0000000093135a60,0x0000000093180000)
 Metaspace       used 75063K, committed 76672K, reserved 1179648K
  class space    used 7649K, committed 8384K, reserved 1048576K
}
Event: 70.147 GC heap before
{Heap before GC invocations=791 (full 3):
 PSYoungGen      total 12288K, used 12128K [0x00000000d5580000, 0x00000000d6280000, 0x0000000100000000)
  eden space 11776K, 100% used [0x00000000d5580000,0x00000000d6100000,0x00000000d6100000)
  from space 512K, 68% used [0x00000000d6180000,0x00000000d61d8000,0x00000000d6200000)
  to   space 512K, 0% used [0x00000000d6200000,0x00000000d6200000,0x00000000d6280000)
 ParOldGen       total 312832K, used 312534K [0x0000000080000000, 0x0000000093180000, 0x00000000d5580000)
  object space 312832K, 99% used [0x0000000080000000,0x0000000093135a60,0x0000000093180000)
 Metaspace       used 75064K, committed 76672K, reserved 1179648K
  class space    used 7649K, committed 8384K, reserved 1048576K
}
Event: 70.151 GC heap after
{Heap after GC invocations=791 (full 3):
 PSYoungGen      total 12288K, used 320K [0x00000000d5580000, 0x00000000d6280000, 0x0000000100000000)
  eden space 11776K, 0% used [0x00000000d5580000,0x00000000d5580000,0x00000000d6100000)
  from space 512K, 62% used [0x00000000d6200000,0x00000000d6250000,0x00000000d6280000)
  to   space 512K, 0% used [0x00000000d6180000,0x00000000d6180000,0x00000000d6200000)
 ParOldGen       total 312832K, used 312630K [0x0000000080000000, 0x0000000093180000, 0x00000000d5580000)
  object space 312832K, 99% used [0x0000000080000000,0x000000009314da60,0x0000000093180000)
 Metaspace       used 75064K, committed 76672K, reserved 1179648K
  class space    used 7649K, committed 8384K, reserved 1048576K
}
Event: 70.396 GC heap before
{Heap before GC invocations=792 (full 3):
 PSYoungGen      total 12288K, used 8119K [0x00000000d5580000, 0x00000000d6280000, 0x0000000100000000)
  eden space 11776K, 66% used [0x00000000d5580000,0x00000000d5d1dcf8,0x00000000d6100000)
  from space 512K, 62% used [0x00000000d6200000,0x00000000d6250000,0x00000000d6280000)
  to   space 512K, 0% used [0x00000000d6180000,0x00000000d6180000,0x00000000d6200000)
 ParOldGen       total 312832K, used 312630K [0x0000000080000000, 0x0000000093180000, 0x00000000d5580000)
  object space 312832K, 99% used [0x0000000080000000,0x000000009314da60,0x0000000093180000)
 Metaspace       used 75134K, committed 76736K, reserved 1179648K
  class space    used 7664K, committed 8384K, reserved 1048576K
}
Event: 70.401 GC heap after
{Heap after GC invocations=792 (full 3):
 PSYoungGen      total 12288K, used 496K [0x00000000d5580000, 0x00000000d6400000, 0x0000000100000000)
  eden space 11776K, 0% used [0x00000000d5580000,0x00000000d5580000,0x00000000d6100000)
  from space 512K, 96% used [0x00000000d6180000,0x00000000d61fc010,0x00000000d6200000)
  to   space 1536K, 0% used [0x00000000d6280000,0x00000000d6280000,0x00000000d6400000)
 ParOldGen       total 313856K, used 313406K [0x0000000080000000, 0x0000000093280000, 0x00000000d5580000)
  object space 313856K, 99% used [0x0000000080000000,0x000000009320fa80,0x0000000093280000)
 Metaspace       used 75134K, committed 76736K, reserved 1179648K
  class space    used 7664K, committed 8384K, reserved 1048576K
}
Event: 70.401 GC heap before
{Heap before GC invocations=793 (full 4):
 PSYoungGen      total 12288K, used 496K [0x00000000d5580000, 0x00000000d6400000, 0x0000000100000000)
  eden space 11776K, 0% used [0x00000000d5580000,0x00000000d5580000,0x00000000d6100000)
  from space 512K, 96% used [0x00000000d6180000,0x00000000d61fc010,0x00000000d6200000)
  to   space 1536K, 0% used [0x00000000d6280000,0x00000000d6280000,0x00000000d6400000)
 ParOldGen       total 313856K, used 313406K [0x0000000080000000, 0x0000000093280000, 0x00000000d5580000)
  object space 313856K, 99% used [0x0000000080000000,0x000000009320fa80,0x0000000093280000)
 Metaspace       used 75134K, committed 76736K, reserved 1179648K
  class space    used 7664K, committed 8384K, reserved 1048576K
}
Event: 71.753 GC heap after
{Heap after GC invocations=793 (full 4):
 PSYoungGen      total 12288K, used 0K [0x00000000d5580000, 0x00000000d6400000, 0x0000000100000000)
  eden space 11776K, 0% used [0x00000000d5580000,0x00000000d5580000,0x00000000d6100000)
  from space 512K, 0% used [0x00000000d6180000,0x00000000d6180000,0x00000000d6200000)
  to   space 1536K, 0% used [0x00000000d6280000,0x00000000d6280000,0x00000000d6400000)
 ParOldGen       total 313856K, used 92442K [0x0000000080000000, 0x0000000093280000, 0x00000000d5580000)
  object space 313856K, 29% used [0x0000000080000000,0x0000000085a46b78,0x0000000093280000)
 Metaspace       used 75129K, committed 76736K, reserved 1179648K
  class space    used 7662K, committed 8384K, reserved 1048576K
}

