# JRE version: OpenJDK Runtime Environment Temurin-21.0.11+10 (21.0.11+10) (build 21.0.11+10-LTS)
# Java VM: OpenJDK 64-Bit Server VM Temurin-21.0.11+10 (21.0.11+10-LTS, mixed mode, sharing, tiered, compressed oops, compressed class ptrs, parallel gc, windows-amd64)
GC Precious Log:
 CardTable entry size: 512
 CPUs: 12 total, 12 available
 Memory: 5989M
 Large Page Support: Disabled
 NUMA Support: Disabled
 Compressed Oops: Enabled (32-bit)
 Alignments: Space 512K, Generation 512K, Heap 2M
 Heap Min Capacity: 100M
 Heap Initial Capacity: 100M
 Heap Max Capacity: 2G
 Pre-touch: Disabled
 Parallel Workers: 10
Heap:
 PSYoungGen      total 15360K, used 12746K [0x00000000d5580000, 0x00000000d6f00000, 0x0000000100000000)
  eden space 10752K, 78% used [0x00000000d5580000,0x00000000d5dbf9b0,0x00000000d6000000)
  from space 4608K, 93% used [0x00000000d6a80000,0x00000000d6eb31a8,0x00000000d6f00000)
  to   space 6656K, 0% used [0x00000000d6200000,0x00000000d6200000,0x00000000d6880000)
 ParOldGen       total 779776K, used 779629K [0x0000000080000000, 0x00000000af980000, 0x00000000d5580000)
  object space 779776K, 99% used [0x0000000080000000,0x00000000af95b4c0,0x00000000af980000)
 Metaspace       used 106215K, committed 108288K, reserved 1179648K
  class space    used 10207K, committed 11200K, reserved 1048576K
GC Heap History (20 events):
Event: 75752.724 GC heap before
{Heap before GC invocations=23577 (full 18):
 PSYoungGen      total 11776K, used 11348K [0x00000000d5580000, 0x00000000d7100000, 0x0000000100000000)
  eden space 10752K, 100% used [0x00000000d5580000,0x00000000d6000000,0x00000000d6000000)
  from space 1024K, 58% used [0x00000000d7000000,0x00000000d7095200,0x00000000d7100000)
  to   space 1536K, 0% used [0x00000000d6e00000,0x00000000d6e00000,0x00000000d6f80000)
 ParOldGen       total 751104K, used 750752K [0x0000000080000000, 0x00000000add80000, 0x00000000d5580000)
  object space 751104K, 99% used [0x0000000080000000,0x00000000add28180,0x00000000add80000)
 Metaspace       used 106211K, committed 108288K, reserved 1179648K
  class space    used 10207K, committed 11200K, reserved 1048576K
}
Event: 75752.727 GC heap after
{Heap after GC invocations=23577 (full 18):
 PSYoungGen      total 11776K, used 980K [0x00000000d5580000, 0x00000000d7080000, 0x0000000100000000)
  eden space 10752K, 0% used [0x00000000d5580000,0x00000000d5580000,0x00000000d6000000)
  from space 1024K, 95% used [0x00000000d6e00000,0x00000000d6ef5200,0x00000000d6f00000)
  to   space 1536K, 0% used [0x00000000d6f00000,0x00000000d6f00000,0x00000000d7080000)
 ParOldGen       total 751616K, used 751128K [0x0000000080000000, 0x00000000ade00000, 0x00000000d5580000)
  object space 751616K, 99% used [0x0000000080000000,0x00000000add861a0,0x00000000ade00000)
 Metaspace       used 106211K, committed 108288K, reserved 1179648K
  class space    used 10207K, committed 11200K, reserved 1048576K
}
Event: 75752.935 GC heap before
{Heap before GC invocations=23578 (full 18):
 PSYoungGen      total 11776K, used 11732K [0x00000000d5580000, 0x00000000d7080000, 0x0000000100000000)
  eden space 10752K, 100% used [0x00000000d5580000,0x00000000d6000000,0x00000000d6000000)
  from space 1024K, 95% used [0x00000000d6e00000,0x00000000d6ef5200,0x00000000d6f00000)
  to   space 1536K, 0% used [0x00000000d6f00000,0x00000000d6f00000,0x00000000d7080000)
 ParOldGen       total 751616K, used 751128K [0x0000000080000000, 0x00000000ade00000, 0x00000000d5580000)
  object space 751616K, 99% used [0x0000000080000000,0x00000000add861a0,0x00000000ade00000)
 Metaspace       used 106211K, committed 108288K, reserved 1179648K
  class space    used 10207K, committed 11200K, reserved 1048576K
}
Event: 75752.937 GC heap after
{Heap after GC invocations=23578 (full 18):
 PSYoungGen      total 12288K, used 1434K [0x00000000d5580000, 0x00000000d7080000, 0x0000000100000000)
  eden space 10752K, 0% used [0x00000000d5580000,0x00000000d5580000,0x00000000d6000000)
  from space 1536K, 93% used [0x00000000d6f00000,0x00000000d7066900,0x00000000d7080000)
  to   space 1536K, 0% used [0x00000000d6d80000,0x00000000d6d80000,0x00000000d6f00000)
 ParOldGen       total 751616K, used 751128K [0x0000000080000000, 0x00000000ade00000, 0x00000000d5580000)
  object space 751616K, 99% used [0x0000000080000000,0x00000000add861a0,0x00000000ade00000)
 Metaspace       used 106211K, committed 108288K, reserved 1179648K
  class space    used 10207K, committed 11200K, reserved 1048576K
}
Event: 75753.802 GC heap before
{Heap before GC invocations=23579 (full 18):
 PSYoungGen      total 12288K, used 12186K [0x00000000d5580000, 0x00000000d7080000, 0x0000000100000000)
  eden space 10752K, 100% used [0x00000000d5580000,0x00000000d6000000,0x00000000d6000000)
  from space 1536K, 93% used [0x00000000d6f00000,0x00000000d7066900,0x00000000d7080000)
  to   space 1536K, 0% used [0x00000000d6d80000,0x00000000d6d80000,0x00000000d6f00000)
 ParOldGen       total 751616K, used 751128K [0x0000000080000000, 0x00000000ade00000, 0x00000000d5580000)
  object space 751616K, 99% used [0x0000000080000000,0x00000000add861a0,0x00000000ade00000)
 Metaspace       used 106211K, committed 108288K, reserved 1179648K
  class space    used 10207K, committed 11200K, reserved 1048576K
}
Event: 75753.806 GC heap after
{Heap after GC invocations=23579 (full 18):
 PSYoungGen      total 11776K, used 660K [0x00000000d5580000, 0x00000000d6f80000, 0x0000000100000000)
  eden space 10752K, 0% used [0x00000000d5580000,0x00000000d5580000,0x00000000d6000000)
  from space 1024K, 64% used [0x00000000d6d80000,0x00000000d6e25200,0x00000000d6e80000)
  to   space 1024K, 0% used [0x00000000d6e80000,0x00000000d6e80000,0x00000000d6f80000)
 ParOldGen       total 752640K, used 752404K [0x0000000080000000, 0x00000000adf00000, 0x00000000d5580000)
  object space 752640K, 99% used [0x0000000080000000,0x00000000adec5198,0x00000000adf00000)
 Metaspace       used 106211K, committed 108288K, reserved 1179648K
  class space    used 10207K, committed 11200K, reserved 1048576K
}
Event: 75754.615 GC heap before
{Heap before GC invocations=23580 (full 18):
 PSYoungGen      total 11776K, used 11412K [0x00000000d5580000, 0x00000000d6f80000, 0x0000000100000000)
  eden space 10752K, 100% used [0x00000000d5580000,0x00000000d6000000,0x00000000d6000000)
  from space 1024K, 64% used [0x00000000d6d80000,0x00000000d6e25200,0x00000000d6e80000)
  to   space 1024K, 0% used [0x00000000d6e80000,0x00000000d6e80000,0x00000000d6f80000)
 ParOldGen       total 752640K, used 752404K [0x0000000080000000, 0x00000000adf00000, 0x00000000d5580000)
  object space 752640K, 99% used [0x0000000080000000,0x00000000adec5198,0x00000000adf00000)
 Metaspace       used 106211K, committed 108288K, reserved 1179648K
  class space    used 10207K, committed 11200K, reserved 1048576K
}
Event: 75754.618 GC heap after
{Heap after GC invocations=23580 (full 18):
 PSYoungGen      total 11776K, used 996K [0x00000000d5580000, 0x00000000d6f80000, 0x0000000100000000)
  eden space 10752K, 0% used [0x00000000d5580000,0x00000000d5580000,0x00000000d6000000)
  from space 1024K, 97% used [0x00000000d6e80000,0x00000000d6f79210,0x00000000d6f80000)
  to   space 1536K, 0% used [0x00000000d6c80000,0x00000000d6c80000,0x00000000d6e00000)
 ParOldGen       total 752640K, used 752484K [0x0000000080000000, 0x00000000adf00000, 0x00000000d5580000)
  object space 752640K, 99% used [0x0000000080000000,0x00000000aded9198,0x00000000adf00000)
 Metaspace       used 106211K, committed 108288K, reserved 1179648K
  class space    used 10207K, committed 11200K, reserved 1048576K
}
Event: 75755.475 GC heap before
{Heap before GC invocations=23581 (full 18):
 PSYoungGen      total 11776K, used 11748K [0x00000000d5580000, 0x00000000d6f80000, 0x0000000100000000)
  eden space 10752K, 100% used [0x00000000d5580000,0x00000000d6000000,0x00000000d6000000)
  from space 1024K, 97% used [0x00000000d6e80000,0x00000000d6f79210,0x00000000d6f80000)
  to   space 1536K, 0% used [0x00000000d6c80000,0x00000000d6c80000,0x00000000d6e00000)
 ParOldGen       total 752640K, used 752484K [0x0000000080000000, 0x00000000adf00000, 0x00000000d5580000)
  object space 752640K, 99% used [0x0000000080000000,0x00000000aded9198,0x00000000adf00000)
 Metaspace       used 106211K, committed 108288K, reserved 1179648K
  class space    used 10207K, committed 11200K, reserved 1048576K
}
Event: 75755.479 GC heap after
{Heap after GC invocations=23581 (full 18):
 PSYoungGen      total 12288K, used 512K [0x00000000d5580000, 0x00000000d6f00000, 0x0000000100000000)
  eden space 10752K, 0% used [0x00000000d5580000,0x00000000d5580000,0x00000000d6000000)
  from space 1536K, 33% used [0x00000000d6c80000,0x00000000d6d00000,0x00000000d6e00000)
  to   space 1024K, 0% used [0x00000000d6e00000,0x00000000d6e00000,0x00000000d6f00000)
 ParOldGen       total 753664K, used 753426K [0x0000000080000000, 0x00000000ae000000, 0x00000000d5580000)
  object space 753664K, 99% used [0x0000000080000000,0x00000000adfc49d0,0x00000000ae000000)
 Metaspace       used 106211K, committed 108288K, reserved 1179648K
  class space    used 10207K, committed 11200K, reserved 1048576K
}
Event: 75756.124 GC heap before
{Heap before GC invocations=23582 (full 18):
 PSYoungGen      total 12288K, used 11264K [0x00000000d5580000, 0x00000000d6f00000, 0x0000000100000000)
  eden space 10752K, 100% used [0x00000000d5580000,0x00000000d6000000,0x00000000d6000000)
  from space 1536K, 33% used [0x00000000d6c80000,0x00000000d6d00000,0x00000000d6e00000)
  to   space 1024K, 0% used [0x00000000d6e00000,0x00000000d6e00000,0x00000000d6f00000)
 ParOldGen       total 753664K, used 753426K [0x0000000080000000, 0x00000000ae000000, 0x00000000d5580000)
  object space 753664K, 99% used [0x0000000080000000,0x00000000adfc49d0,0x00000000ae000000)
 Metaspace       used 106211K, committed 108288K, reserved 1179648K
  class space    used 10207K, committed 11200K, reserved 1048576K
}
Event: 75756.127 GC heap after
{Heap after GC invocations=23582 (full 18):
 PSYoungGen      total 11264K, used 404K [0x00000000d5580000, 0x00000000d6e80000, 0x0000000100000000)
  eden space 10752K, 0% used [0x00000000d5580000,0x00000000d5580000,0x00000000d6000000)
  from space 512K, 79% used [0x00000000d6e00000,0x00000000d6e65200,0x00000000d6e80000)
  to   space 512K, 0% used [0x00000000d6d80000,0x00000000d6d80000,0x00000000d6e00000)
 ParOldGen       total 754176K, used 753828K [0x0000000080000000, 0x00000000ae080000, 0x00000000d5580000)
  object space 754176K, 99% used [0x0000000080000000,0x00000000ae029180,0x00000000ae080000)
 Metaspace       used 106211K, committed 108288K, reserved 1179648K
  class space    used 10207K, committed 11200K, reserved 1048576K
}
Event: 75756.138 GC heap before
{Heap before GC invocations=23583 (full 18):
 PSYoungGen      total 11264K, used 11156K [0x00000000d5580000, 0x00000000d6e80000, 0x0000000100000000)
  eden space 10752K, 100% used [0x00000000d5580000,0x00000000d6000000,0x00000000d6000000)
  from space 512K, 79% used [0x00000000d6e00000,0x00000000d6e65200,0x00000000d6e80000)
  to   space 512K, 0% used [0x00000000d6d80000,0x00000000d6d80000,0x00000000d6e00000)
 ParOldGen       total 754176K, used 753828K [0x0000000080000000, 0x00000000ae080000, 0x00000000d5580000)
  object space 754176K, 99% used [0x0000000080000000,0x00000000ae029180,0x00000000ae080000)
 Metaspace       used 106211K, committed 108288K, reserved 1179648K
  class space    used 10207K, committed 11200K, reserved 1048576K
}
Event: 75756.146 GC heap after
{Heap after GC invocations=23583 (full 18):
 PSYoungGen      total 11264K, used 512K [0x00000000d5580000, 0x00000000d6f00000, 0x0000000100000000)
  eden space 10752K, 0% used [0x00000000d5580000,0x00000000d5580000,0x00000000d6000000)
  from space 512K, 100% used [0x00000000d6d80000,0x00000000d6e00000,0x00000000d6e00000)
  to   space 1024K, 0% used [0x00000000d6e00000,0x00000000d6e00000,0x00000000d6f00000)
 ParOldGen       total 759808K, used 759733K [0x0000000080000000, 0x00000000ae600000, 0x00000000d5580000)
  object space 759808K, 99% used [0x0000000080000000,0x00000000ae5ed7e8,0x00000000ae600000)
 Metaspace       used 106211K, committed 108288K, reserved 1179648K
  class space    used 10207K, committed 11200K, reserved 1048576K
}
Event: 75756.178 GC heap before
{Heap before GC invocations=23584 (full 18):
 PSYoungGen      total 11264K, used 11264K [0x00000000d5580000, 0x00000000d6f00000, 0x0000000100000000)
  eden space 10752K, 100% used [0x00000000d5580000,0x00000000d6000000,0x00000000d6000000)
  from space 512K, 100% used [0x00000000d6d80000,0x00000000d6e00000,0x00000000d6e00000)
  to   space 1024K, 0% used [0x00000000d6e00000,0x00000000d6e00000,0x00000000d6f00000)
 ParOldGen       total 759808K, used 759733K [0x0000000080000000, 0x00000000ae600000, 0x00000000d5580000)
  object space 759808K, 99% used [0x0000000080000000,0x00000000ae5ed7e8,0x00000000ae600000)
 Metaspace       used 106211K, committed 108288K, reserved 1179648K
  class space    used 10207K, committed 11200K, reserved 1048576K
}
Event: 75756.191 GC heap after
{Heap after GC invocations=23584 (full 18):
 PSYoungGen      total 11776K, used 1024K [0x00000000d5580000, 0x00000000d7500000, 0x0000000100000000)
  eden space 10752K, 0% used [0x00000000d5580000,0x00000000d5580000,0x00000000d6000000)
  from space 1024K, 100% used [0x00000000d6e00000,0x00000000d6f00000,0x00000000d6f00000)
  to   space 10752K, 0% used [0x00000000d6000000,0x00000000d6000000,0x00000000d6a80000)
 ParOldGen       total 769024K, used 768558K [0x0000000080000000, 0x00000000aef00000, 0x00000000d5580000)
  object space 769024K, 99% used [0x0000000080000000,0x00000000aee8bab0,0x00000000aef00000)
 Metaspace       used 106211K, committed 108288K, reserved 1179648K
  class space    used 10207K, committed 11200K, reserved 1048576K
}
Event: 75756.268 GC heap before
{Heap before GC invocations=23585 (full 18):
 PSYoungGen      total 11776K, used 11673K [0x00000000d5580000, 0x00000000d7500000, 0x0000000100000000)
  eden space 10752K, 99% used [0x00000000d5580000,0x00000000d5fe6550,0x00000000d6000000)
  from space 1024K, 100% used [0x00000000d6e00000,0x00000000d6f00000,0x00000000d6f00000)
  to   space 10752K, 0% used [0x00000000d6000000,0x00000000d6000000,0x00000000d6a80000)
 ParOldGen       total 769024K, used 768558K [0x0000000080000000, 0x00000000aef00000, 0x00000000d5580000)
  object space 769024K, 99% used [0x0000000080000000,0x00000000aee8bab0,0x00000000aef00000)
 Metaspace       used 106211K, committed 108288K, reserved 1179648K
  class space    used 10207K, committed 11200K, reserved 1048576K
}
Event: 75756.279 GC heap after
{Heap after GC invocations=23585 (full 18):
 PSYoungGen      total 21504K, used 10416K [0x00000000d5580000, 0x00000000d7500000, 0x0000000100000000)
  eden space 10752K, 0% used [0x00000000d5580000,0x00000000d5580000,0x00000000d6000000)
  from space 10752K, 96% used [0x00000000d6000000,0x00000000d6a2c290,0x00000000d6a80000)
  to   space 10752K, 0% used [0x00000000d6a80000,0x00000000d6a80000,0x00000000d7500000)
 ParOldGen       total 770048K, used 769636K [0x0000000080000000, 0x00000000af000000, 0x00000000d5580000)
  object space 770048K, 99% used [0x0000000080000000,0x00000000aef99230,0x00000000af000000)
 Metaspace       used 106211K, committed 108288K, reserved 1179648K
  class space    used 10207K, committed 11200K, reserved 1048576K
}
Event: 75756.379 GC heap before
{Heap before GC invocations=23586 (full 18):
 PSYoungGen      total 21504K, used 21168K [0x00000000d5580000, 0x00000000d7500000, 0x0000000100000000)
  eden space 10752K, 100% used [0x00000000d5580000,0x00000000d6000000,0x00000000d6000000)
  from space 10752K, 96% used [0x00000000d6000000,0x00000000d6a2c290,0x00000000d6a80000)
  to   space 10752K, 0% used [0x00000000d6a80000,0x00000000d6a80000,0x00000000d7500000)
 ParOldGen       total 770048K, used 769636K [0x0000000080000000, 0x00000000af000000, 0x00000000d5580000)
  object space 770048K, 99% used [0x0000000080000000,0x00000000aef99230,0x00000000af000000)
 Metaspace       used 106215K, committed 108288K, reserved 1179648K
  class space    used 10207K, committed 11200K, reserved 1048576K
}
Event: 75756.393 GC heap after
{Heap after GC invocations=23586 (full 18):
 PSYoungGen      total 15360K, used 4300K [0x00000000d5580000, 0x00000000d6f00000, 0x0000000100000000)
  eden space 10752K, 0% used [0x00000000d5580000,0x00000000d5580000,0x00000000d6000000)
  from space 4608K, 93% used [0x00000000d6a80000,0x00000000d6eb31a8,0x00000000d6f00000)
  to   space 6656K, 0% used [0x00000000d6200000,0x00000000d6200000,0x00000000d6880000)
 ParOldGen       total 779776K, used 779629K [0x0000000080000000, 0x00000000af980000, 0x00000000d5580000)
  object space 779776K, 99% used [0x0000000080000000,0x00000000af95b4c0,0x00000000af980000)
 Metaspace       used 106215K, committed 108288K, reserved 1179648K
  class space    used 10207K, committed 11200K, reserved 1048576K
}

