# JRE version: OpenJDK Runtime Environment Temurin-21.0.11+10 (21.0.11+10) (build 21.0.11+10-LTS)
# Java VM: OpenJDK 64-Bit Server VM Temurin-21.0.11+10 (21.0.11+10-LTS, mixed mode, sharing, tiered, compressed oops, compressed class ptrs, parallel gc, windows-amd64)
GC Precious Log:
 CardTable entry size: 512
 CPUs: 12 total, 12 available
 Memory: 5989M
 Large Page Support: Disabled
 NUMA Support: Disabled
 Compressed Oops: Enabled (32-bit)
 Alignments: Space 512K, Generation 512K, Heap 2M
 Heap Min Capacity: 100M
 Heap Initial Capacity: 100M
 Heap Max Capacity: 2G
 Pre-touch: Disabled
 Parallel Workers: 10
Heap:
 PSYoungGen      total 9216K, used 5572K [0x00000000d5580000, 0x00000000d6400000, 0x0000000100000000)
  eden space 7168K, 55% used [0x00000000d5580000,0x00000000d5961108,0x00000000d5c80000)
  from space 2048K, 78% used [0x00000000d6200000,0x00000000d6390000,0x00000000d6400000)
  to   space 3072K, 0% used [0x00000000d5e00000,0x00000000d5e00000,0x00000000d6100000)
 ParOldGen       total 104448K, used 104288K [0x0000000080000000, 0x0000000086600000, 0x00000000d5580000)
  object space 104448K, 99% used [0x0000000080000000,0x00000000865d8038,0x0000000086600000)
 Metaspace       used 64003K, committed 65472K, reserved 1114112K
  class space    used 6648K, committed 7296K, reserved 1048576K
GC Heap History (20 events):
Event: 25.877 GC heap before
{Heap before GC invocations=78 (full 3):
 PSYoungGen      total 10752K, used 10752K [0x00000000d5580000, 0x00000000d6280000, 0x0000000100000000)
  eden space 9728K, 100% used [0x00000000d5580000,0x00000000d5f00000,0x00000000d5f00000)
  from space 1024K, 100% used [0x00000000d6080000,0x00000000d6180000,0x00000000d6180000)
  to   space 1536K, 0% used [0x00000000d5f00000,0x00000000d5f00000,0x00000000d6080000)
 ParOldGen       total 92672K, used 92398K [0x0000000080000000, 0x0000000085a80000, 0x00000000d5580000)
  object space 92672K, 99% used [0x0000000080000000,0x0000000085a3bb98,0x0000000085a80000)
 Metaspace       used 62841K, committed 64256K, reserved 1114112K
  class space    used 6539K, committed 7168K, reserved 1048576K
}
Event: 25.881 GC heap after
{Heap after GC invocations=78 (full 3):
 PSYoungGen      total 10752K, used 774K [0x00000000d5580000, 0x00000000d6100000, 0x0000000100000000)
  eden space 9728K, 0% used [0x00000000d5580000,0x00000000d5580000,0x00000000d5f00000)
  from space 1024K, 75% used [0x00000000d5f00000,0x00000000d5fc1948,0x00000000d6000000)
  to   space 1024K, 0% used [0x00000000d6000000,0x00000000d6000000,0x00000000d6100000)
 ParOldGen       total 93184K, used 92942K [0x0000000080000000, 0x0000000085b00000, 0x00000000d5580000)
  object space 93184K, 99% used [0x0000000080000000,0x0000000085ac3b98,0x0000000085b00000)
 Metaspace       used 62841K, committed 64256K, reserved 1114112K
  class space    used 6539K, committed 7168K, reserved 1048576K
}
Event: 26.065 GC heap before
{Heap before GC invocations=79 (full 3):
 PSYoungGen      total 10752K, used 10502K [0x00000000d5580000, 0x00000000d6100000, 0x0000000100000000)
  eden space 9728K, 100% used [0x00000000d5580000,0x00000000d5f00000,0x00000000d5f00000)
  from space 1024K, 75% used [0x00000000d5f00000,0x00000000d5fc1948,0x00000000d6000000)
  to   space 1024K, 0% used [0x00000000d6000000,0x00000000d6000000,0x00000000d6100000)
 ParOldGen       total 93184K, used 92942K [0x0000000080000000, 0x0000000085b00000, 0x00000000d5580000)
  object space 93184K, 99% used [0x0000000080000000,0x0000000085ac3b98,0x0000000085b00000)
 Metaspace       used 62948K, committed 64384K, reserved 1114112K
  class space    used 6553K, committed 7168K, reserved 1048576K
}
Event: 26.068 GC heap after
{Heap after GC invocations=79 (full 3):
 PSYoungGen      total 10240K, used 1024K [0x00000000d5580000, 0x00000000d6200000, 0x0000000100000000)
  eden space 9216K, 0% used [0x00000000d5580000,0x00000000d5580000,0x00000000d5e80000)
  from space 1024K, 100% used [0x00000000d6000000,0x00000000d6100000,0x00000000d6100000)
  to   space 1536K, 0% used [0x00000000d5e80000,0x00000000d5e80000,0x00000000d6000000)
 ParOldGen       total 93696K, used 93449K [0x0000000080000000, 0x0000000085b80000, 0x00000000d5580000)
  object space 93696K, 99% used [0x0000000080000000,0x0000000085b426e8,0x0000000085b80000)
 Metaspace       used 62948K, committed 64384K, reserved 1114112K
  class space    used 6553K, committed 7168K, reserved 1048576K
}
Event: 26.218 GC heap before
{Heap before GC invocations=80 (full 3):
 PSYoungGen      total 10240K, used 10240K [0x00000000d5580000, 0x00000000d6200000, 0x0000000100000000)
  eden space 9216K, 100% used [0x00000000d5580000,0x00000000d5e80000,0x00000000d5e80000)
  from space 1024K, 100% used [0x00000000d6000000,0x00000000d6100000,0x00000000d6100000)
  to   space 1536K, 0% used [0x00000000d5e80000,0x00000000d5e80000,0x00000000d6000000)
 ParOldGen       total 93696K, used 93449K [0x0000000080000000, 0x0000000085b80000, 0x00000000d5580000)
  object space 93696K, 99% used [0x0000000080000000,0x0000000085b426e8,0x0000000085b80000)
 Metaspace       used 63083K, committed 64448K, reserved 1114112K
  class space    used 6568K, committed 7168K, reserved 1048576K
}
Event: 26.222 GC heap after
{Heap after GC invocations=80 (full 3):
 PSYoungGen      total 10752K, used 1520K [0x00000000d5580000, 0x00000000d6480000, 0x0000000100000000)
  eden space 9216K, 0% used [0x00000000d5580000,0x00000000d5580000,0x00000000d5e80000)
  from space 1536K, 98% used [0x00000000d5e80000,0x00000000d5ffc010,0x00000000d6000000)
  to   space 3072K, 0% used [0x00000000d6180000,0x00000000d6180000,0x00000000d6480000)
 ParOldGen       total 94720K, used 94421K [0x0000000080000000, 0x0000000085c80000, 0x00000000d5580000)
  object space 94720K, 99% used [0x0000000080000000,0x0000000085c356f8,0x0000000085c80000)
 Metaspace       used 63083K, committed 64448K, reserved 1114112K
  class space    used 6568K, committed 7168K, reserved 1048576K
}
Event: 26.294 GC heap before
{Heap before GC invocations=81 (full 3):
 PSYoungGen      total 10752K, used 10736K [0x00000000d5580000, 0x00000000d6480000, 0x0000000100000000)
  eden space 9216K, 100% used [0x00000000d5580000,0x00000000d5e80000,0x00000000d5e80000)
  from space 1536K, 98% used [0x00000000d5e80000,0x00000000d5ffc010,0x00000000d6000000)
  to   space 3072K, 0% used [0x00000000d6180000,0x00000000d6180000,0x00000000d6480000)
 ParOldGen       total 94720K, used 94421K [0x0000000080000000, 0x0000000085c80000, 0x00000000d5580000)
  object space 94720K, 99% used [0x0000000080000000,0x0000000085c356f8,0x0000000085c80000)
 Metaspace       used 63165K, committed 64640K, reserved 1114112K
  class space    used 6573K, committed 7232K, reserved 1048576K
}
Event: 26.297 GC heap after
{Heap after GC invocations=81 (full 3):
 PSYoungGen      total 10752K, used 1248K [0x00000000d5580000, 0x00000000d6300000, 0x0000000100000000)
  eden space 9216K, 0% used [0x00000000d5580000,0x00000000d5580000,0x00000000d5e80000)
  from space 1536K, 81% used [0x00000000d6180000,0x00000000d62b8000,0x00000000d6300000)
  to   space 2048K, 0% used [0x00000000d5f00000,0x00000000d5f00000,0x00000000d6100000)
 ParOldGen       total 95744K, used 95700K [0x0000000080000000, 0x0000000085d80000, 0x00000000d5580000)
  object space 95744K, 99% used [0x0000000080000000,0x0000000085d75100,0x0000000085d80000)
 Metaspace       used 63165K, committed 64640K, reserved 1114112K
  class space    used 6573K, committed 7232K, reserved 1048576K
}
Event: 26.450 GC heap before
{Heap before GC invocations=82 (full 3):
 PSYoungGen      total 10752K, used 10464K [0x00000000d5580000, 0x00000000d6300000, 0x0000000100000000)
  eden space 9216K, 100% used [0x00000000d5580000,0x00000000d5e80000,0x00000000d5e80000)
  from space 1536K, 81% used [0x00000000d6180000,0x00000000d62b8000,0x00000000d6300000)
  to   space 2048K, 0% used [0x00000000d5f00000,0x00000000d5f00000,0x00000000d6100000)
 ParOldGen       total 95744K, used 95700K [0x0000000080000000, 0x0000000085d80000, 0x00000000d5580000)
  object space 95744K, 99% used [0x0000000080000000,0x0000000085d75100,0x0000000085d80000)
 Metaspace       used 63505K, committed 64896K, reserved 1114112K
  class space    used 6618K, committed 7232K, reserved 1048576K
}
Event: 26.454 GC heap after
{Heap after GC invocations=82 (full 3):
 PSYoungGen      total 10752K, used 1056K [0x00000000d5580000, 0x00000000d6200000, 0x0000000100000000)
  eden space 9216K, 0% used [0x00000000d5580000,0x00000000d5580000,0x00000000d5e80000)
  from space 1536K, 68% used [0x00000000d5f00000,0x00000000d6008000,0x00000000d6080000)
  to   space 1536K, 0% used [0x00000000d6080000,0x00000000d6080000,0x00000000d6200000)
 ParOldGen       total 96768K, used 96740K [0x0000000080000000, 0x0000000085e80000, 0x00000000d5580000)
  object space 96768K, 99% used [0x0000000080000000,0x0000000085e79100,0x0000000085e80000)
 Metaspace       used 63505K, committed 64896K, reserved 1114112K
  class space    used 6618K, committed 7232K, reserved 1048576K
}
Event: 27.208 GC heap before
{Heap before GC invocations=83 (full 3):
 PSYoungGen      total 10752K, used 10272K [0x00000000d5580000, 0x00000000d6200000, 0x0000000100000000)
  eden space 9216K, 100% used [0x00000000d5580000,0x00000000d5e80000,0x00000000d5e80000)
  from space 1536K, 68% used [0x00000000d5f00000,0x00000000d6008000,0x00000000d6080000)
  to   space 1536K, 0% used [0x00000000d6080000,0x00000000d6080000,0x00000000d6200000)
 ParOldGen       total 96768K, used 96740K [0x0000000080000000, 0x0000000085e80000, 0x00000000d5580000)
  object space 96768K, 99% used [0x0000000080000000,0x0000000085e79100,0x0000000085e80000)
 Metaspace       used 63717K, committed 65152K, reserved 1114112K
  class space    used 6638K, committed 7296K, reserved 1048576K
}
Event: 27.212 GC heap after
{Heap after GC invocations=83 (full 3):
 PSYoungGen      total 8704K, used 1535K [0x00000000d5580000, 0x00000000d6680000, 0x0000000100000000)
  eden space 7168K, 0% used [0x00000000d5580000,0x00000000d5580000,0x00000000d5c80000)
  from space 1536K, 99% used [0x00000000d6080000,0x00000000d61ffcf0,0x00000000d6200000)
  to   space 4096K, 0% used [0x00000000d5c80000,0x00000000d5c80000,0x00000000d6080000)
 ParOldGen       total 98816K, used 98448K [0x0000000080000000, 0x0000000086080000, 0x00000000d5580000)
  object space 98816K, 99% used [0x0000000080000000,0x0000000086024190,0x0000000086080000)
 Metaspace       used 63717K, committed 65152K, reserved 1114112K
  class space    used 6638K, committed 7296K, reserved 1048576K
}
Event: 27.350 GC heap before
{Heap before GC invocations=84 (full 3):
 PSYoungGen      total 8704K, used 8703K [0x00000000d5580000, 0x00000000d6680000, 0x0000000100000000)
  eden space 7168K, 100% used [0x00000000d5580000,0x00000000d5c80000,0x00000000d5c80000)
  from space 1536K, 99% used [0x00000000d6080000,0x00000000d61ffcf0,0x00000000d6200000)
  to   space 4096K, 0% used [0x00000000d5c80000,0x00000000d5c80000,0x00000000d6080000)
 ParOldGen       total 98816K, used 98448K [0x0000000080000000, 0x0000000086080000, 0x00000000d5580000)
  object space 98816K, 99% used [0x0000000080000000,0x0000000086024190,0x0000000086080000)
 Metaspace       used 63785K, committed 65280K, reserved 1114112K
  class space    used 6638K, committed 7296K, reserved 1048576K
}
Event: 27.354 GC heap after
{Heap after GC invocations=84 (full 3):
 PSYoungGen      total 8704K, used 1409K [0x00000000d5580000, 0x00000000d6180000, 0x0000000100000000)
  eden space 7168K, 0% used [0x00000000d5580000,0x00000000d5580000,0x00000000d5c80000)
  from space 1536K, 91% used [0x00000000d5c80000,0x00000000d5de0540,0x00000000d5e00000)
  to   space 2560K, 0% used [0x00000000d5f00000,0x00000000d5f00000,0x00000000d6180000)
 ParOldGen       total 100352K, used 99927K [0x0000000080000000, 0x0000000086200000, 0x00000000d5580000)
  object space 100352K, 99% used [0x0000000080000000,0x0000000086195cc8,0x0000000086200000)
 Metaspace       used 63785K, committed 65280K, reserved 1114112K
  class space    used 6638K, committed 7296K, reserved 1048576K
}
Event: 27.518 GC heap before
{Heap before GC invocations=85 (full 3):
 PSYoungGen      total 8704K, used 8577K [0x00000000d5580000, 0x00000000d6180000, 0x0000000100000000)
  eden space 7168K, 100% used [0x00000000d5580000,0x00000000d5c80000,0x00000000d5c80000)
  from space 1536K, 91% used [0x00000000d5c80000,0x00000000d5de0540,0x00000000d5e00000)
  to   space 2560K, 0% used [0x00000000d5f00000,0x00000000d5f00000,0x00000000d6180000)
 ParOldGen       total 100352K, used 99927K [0x0000000080000000, 0x0000000086200000, 0x00000000d5580000)
  object space 100352K, 99% used [0x0000000080000000,0x0000000086195cc8,0x0000000086200000)
 Metaspace       used 63984K, committed 65472K, reserved 1114112K
  class space    used 6648K, committed 7296K, reserved 1048576K
}
Event: 27.522 GC heap after
{Heap after GC invocations=85 (full 3):
 PSYoungGen      total 8704K, used 1056K [0x00000000d5580000, 0x00000000d6080000, 0x0000000100000000)
  eden space 7168K, 0% used [0x00000000d5580000,0x00000000d5580000,0x00000000d5c80000)
  from space 1536K, 68% used [0x00000000d5f00000,0x00000000d6008000,0x00000000d6080000)
  to   space 1536K, 0% used [0x00000000d5c80000,0x00000000d5c80000,0x00000000d5e00000)
 ParOldGen       total 101376K, used 101066K [0x0000000080000000, 0x0000000086300000, 0x00000000d5580000)
  object space 101376K, 99% used [0x0000000080000000,0x00000000862b28a0,0x0000000086300000)
 Metaspace       used 63984K, committed 65472K, reserved 1114112K
  class space    used 6648K, committed 7296K, reserved 1048576K
}
Event: 27.705 GC heap before
{Heap before GC invocations=86 (full 3):
 PSYoungGen      total 8704K, used 8224K [0x00000000d5580000, 0x00000000d6080000, 0x0000000100000000)
  eden space 7168K, 100% used [0x00000000d5580000,0x00000000d5c80000,0x00000000d5c80000)
  from space 1536K, 68% used [0x00000000d5f00000,0x00000000d6008000,0x00000000d6080000)
  to   space 1536K, 0% used [0x00000000d5c80000,0x00000000d5c80000,0x00000000d5e00000)
 ParOldGen       total 101376K, used 101066K [0x0000000080000000, 0x0000000086300000, 0x00000000d5580000)
  object space 101376K, 99% used [0x0000000080000000,0x00000000862b28a0,0x0000000086300000)
 Metaspace       used 63994K, committed 65472K, reserved 1114112K
  class space    used 6648K, committed 7296K, reserved 1048576K
}
Event: 27.711 GC heap after
{Heap after GC invocations=86 (full 3):
 PSYoungGen      total 8704K, used 1533K [0x00000000d5580000, 0x00000000d6780000, 0x0000000100000000)
  eden space 7168K, 0% used [0x00000000d5580000,0x00000000d5580000,0x00000000d5c80000)
  from space 1536K, 99% used [0x00000000d5c80000,0x00000000d5dff768,0x00000000d5e00000)
  to   space 5632K, 0% used [0x00000000d6200000,0x00000000d6200000,0x00000000d6780000)
 ParOldGen       total 104448K, used 104104K [0x0000000080000000, 0x0000000086600000, 0x00000000d5580000)
  object space 104448K, 99% used [0x0000000080000000,0x00000000865aa038,0x0000000086600000)
 Metaspace       used 63994K, committed 65472K, reserved 1114112K
  class space    used 6648K, committed 7296K, reserved 1048576K
}
Event: 27.912 GC heap before
{Heap before GC invocations=87 (full 3):
 PSYoungGen      total 8704K, used 8701K [0x00000000d5580000, 0x00000000d6780000, 0x0000000100000000)
  eden space 7168K, 100% used [0x00000000d5580000,0x00000000d5c80000,0x00000000d5c80000)
  from space 1536K, 99% used [0x00000000d5c80000,0x00000000d5dff768,0x00000000d5e00000)
  to   space 5632K, 0% used [0x00000000d6200000,0x00000000d6200000,0x00000000d6780000)
 ParOldGen       total 104448K, used 104104K [0x0000000080000000, 0x0000000086600000, 0x00000000d5580000)
  object space 104448K, 99% used [0x0000000080000000,0x00000000865aa038,0x0000000086600000)
 Metaspace       used 63997K, committed 65472K, reserved 1114112K
  class space    used 6648K, committed 7296K, reserved 1048576K
}
Event: 28.002 GC heap after
{Heap after GC invocations=87 (full 3):
 PSYoungGen      total 9216K, used 1600K [0x00000000d5580000, 0x00000000d6400000, 0x0000000100000000)
  eden space 7168K, 0% used [0x00000000d5580000,0x00000000d5580000,0x00000000d5c80000)
  from space 2048K, 78% used [0x00000000d6200000,0x00000000d6390000,0x00000000d6400000)
  to   space 3072K, 0% used [0x00000000d5e00000,0x00000000d5e00000,0x00000000d6100000)
 ParOldGen       total 104448K, used 104288K [0x0000000080000000, 0x0000000086600000, 0x00000000d5580000)
  object space 104448K, 99% used [0x0000000080000000,0x00000000865d8038,0x0000000086600000)
 Metaspace       used 63997K, committed 65472K, reserved 1114112K
  class space    used 6648K, committed 7296K, reserved 1048576K
}

