# JRE version: OpenJDK Runtime Environment Temurin-21.0.11+10 (21.0.11+10) (build 21.0.11+10-LTS)
# Java VM: OpenJDK 64-Bit Server VM Temurin-21.0.11+10 (21.0.11+10-LTS, mixed mode, sharing, tiered, compressed oops, compressed class ptrs, parallel gc, windows-amd64)
GC Precious Log:
 CardTable entry size: 512
 CPUs: 12 total, 12 available
 Memory: 5989M
 Large Page Support: Disabled
 NUMA Support: Disabled
 Compressed Oops: Enabled (32-bit)
 Alignments: Space 512K, Generation 512K, Heap 2M
 Heap Min Capacity: 100M
 Heap Initial Capacity: 100M
 Heap Max Capacity: 2G
 Pre-touch: Disabled
 Parallel Workers: 10
Heap:
 PSYoungGen      total 7680K, used 7353K [0x00000000d5580000, 0x00000000d5f00000, 0x0000000100000000)
  eden space 6656K, 95% used [0x00000000d5580000,0x00000000d5bb5388,0x00000000d5c00000)
  from space 1024K, 97% used [0x00000000d5c80000,0x00000000d5d79210,0x00000000d5d80000)
  to   space 1536K, 0% used [0x00000000d5d80000,0x00000000d5d80000,0x00000000d5f00000)
 ParOldGen       total 250880K, used 250825K [0x0000000080000000, 0x000000008f500000, 0x00000000d5580000)
  object space 250880K, 99% used [0x0000000080000000,0x000000008f4f2650,0x000000008f500000)
 Metaspace       used 72194K, committed 73664K, reserved 1179648K
  class space    used 7369K, committed 8000K, reserved 1048576K
GC Heap History (20 events):
Event: 47.459 GC heap before
{Heap before GC invocations=535 (full 3):
 PSYoungGen      total 8192K, used 7975K [0x00000000d5580000, 0x00000000d6000000, 0x0000000100000000)
  eden space 6656K, 98% used [0x00000000d5580000,0x00000000d5be6e28,0x00000000d5c00000)
  from space 1536K, 92% used [0x00000000d5c00000,0x00000000d5d62fc8,0x00000000d5d80000)
  to   space 2048K, 0% used [0x00000000d5e00000,0x00000000d5e00000,0x00000000d6000000)
 ParOldGen       total 246784K, used 246469K [0x0000000080000000, 0x000000008f100000, 0x00000000d5580000)
  object space 246784K, 99% used [0x0000000080000000,0x000000008f0b1780,0x000000008f100000)
 Metaspace       used 71845K, committed 73344K, reserved 1114112K
  class space    used 7350K, committed 7936K, reserved 1048576K
}
Event: 47.464 GC heap after
{Heap after GC invocations=535 (full 3):
 PSYoungGen      total 7680K, used 688K [0x00000000d5580000, 0x00000000d5f00000, 0x0000000100000000)
  eden space 6656K, 0% used [0x00000000d5580000,0x00000000d5580000,0x00000000d5c00000)
  from space 1024K, 67% used [0x00000000d5e00000,0x00000000d5eac010,0x00000000d5f00000)
  to   space 1024K, 0% used [0x00000000d5d00000,0x00000000d5d00000,0x00000000d5e00000)
 ParOldGen       total 247296K, used 247057K [0x0000000080000000, 0x000000008f180000, 0x00000000d5580000)
  object space 247296K, 99% used [0x0000000080000000,0x000000008f144428,0x000000008f180000)
 Metaspace       used 71845K, committed 73344K, reserved 1114112K
  class space    used 7350K, committed 7936K, reserved 1048576K
}
Event: 47.724 GC heap before
{Heap before GC invocations=536 (full 3):
 PSYoungGen      total 7680K, used 7344K [0x00000000d5580000, 0x00000000d5f00000, 0x0000000100000000)
  eden space 6656K, 100% used [0x00000000d5580000,0x00000000d5c00000,0x00000000d5c00000)
  from space 1024K, 67% used [0x00000000d5e00000,0x00000000d5eac010,0x00000000d5f00000)
  to   space 1024K, 0% used [0x00000000d5d00000,0x00000000d5d00000,0x00000000d5e00000)
 ParOldGen       total 247296K, used 247057K [0x0000000080000000, 0x000000008f180000, 0x00000000d5580000)
  object space 247296K, 99% used [0x0000000080000000,0x000000008f144428,0x000000008f180000)
 Metaspace       used 71865K, committed 73344K, reserved 1114112K
  class space    used 7350K, committed 7936K, reserved 1048576K
}
Event: 47.725 GC heap after
{Heap after GC invocations=536 (full 3):
 PSYoungGen      total 7168K, used 497K [0x00000000d5580000, 0x00000000d5e80000, 0x0000000100000000)
  eden space 6656K, 0% used [0x00000000d5580000,0x00000000d5580000,0x00000000d5c00000)
  from space 512K, 97% used [0x00000000d5d00000,0x00000000d5d7c6d8,0x00000000d5d80000)
  to   space 1024K, 0% used [0x00000000d5d80000,0x00000000d5d80000,0x00000000d5e80000)
 ParOldGen       total 247296K, used 247137K [0x0000000080000000, 0x000000008f180000, 0x00000000d5580000)
  object space 247296K, 99% used [0x0000000080000000,0x000000008f158428,0x000000008f180000)
 Metaspace       used 71865K, committed 73344K, reserved 1114112K
  class space    used 7350K, committed 7936K, reserved 1048576K
}
Event: 48.105 GC heap before
{Heap before GC invocations=537 (full 3):
 PSYoungGen      total 7168K, used 7153K [0x00000000d5580000, 0x00000000d5e80000, 0x0000000100000000)
  eden space 6656K, 100% used [0x00000000d5580000,0x00000000d5c00000,0x00000000d5c00000)
  from space 512K, 97% used [0x00000000d5d00000,0x00000000d5d7c6d8,0x00000000d5d80000)
  to   space 1024K, 0% used [0x00000000d5d80000,0x00000000d5d80000,0x00000000d5e80000)
 ParOldGen       total 247296K, used 247137K [0x0000000080000000, 0x000000008f180000, 0x00000000d5580000)
  object space 247296K, 99% used [0x0000000080000000,0x000000008f158428,0x000000008f180000)
 Metaspace       used 71918K, committed 73408K, reserved 1114112K
  class space    used 7350K, committed 7936K, reserved 1048576K
}
Event: 48.109 GC heap after
{Heap after GC invocations=537 (full 3):
 PSYoungGen      total 7168K, used 480K [0x00000000d5580000, 0x00000000d5e00000, 0x0000000100000000)
  eden space 6656K, 0% used [0x00000000d5580000,0x00000000d5580000,0x00000000d5c00000)
  from space 512K, 93% used [0x00000000d5d80000,0x00000000d5df8000,0x00000000d5e00000)
  to   space 512K, 0% used [0x00000000d5d00000,0x00000000d5d00000,0x00000000d5d80000)
 ParOldGen       total 247808K, used 247535K [0x0000000080000000, 0x000000008f200000, 0x00000000d5580000)
  object space 247808K, 99% used [0x0000000080000000,0x000000008f1bbd48,0x000000008f200000)
 Metaspace       used 71918K, committed 73408K, reserved 1114112K
  class space    used 7350K, committed 7936K, reserved 1048576K
}
Event: 48.246 GC heap before
{Heap before GC invocations=538 (full 3):
 PSYoungGen      total 7168K, used 7136K [0x00000000d5580000, 0x00000000d5e00000, 0x0000000100000000)
  eden space 6656K, 100% used [0x00000000d5580000,0x00000000d5c00000,0x00000000d5c00000)
  from space 512K, 93% used [0x00000000d5d80000,0x00000000d5df8000,0x00000000d5e00000)
  to   space 512K, 0% used [0x00000000d5d00000,0x00000000d5d00000,0x00000000d5d80000)
 ParOldGen       total 247808K, used 247535K [0x0000000080000000, 0x000000008f200000, 0x00000000d5580000)
  object space 247808K, 99% used [0x0000000080000000,0x000000008f1bbd48,0x000000008f200000)
 Metaspace       used 71926K, committed 73408K, reserved 1114112K
  class space    used 7350K, committed 7936K, reserved 1048576K
}
Event: 48.248 GC heap after
{Heap after GC invocations=538 (full 3):
 PSYoungGen      total 7168K, used 256K [0x00000000d5580000, 0x00000000d5e00000, 0x0000000100000000)
  eden space 6656K, 0% used [0x00000000d5580000,0x00000000d5580000,0x00000000d5c00000)
  from space 512K, 50% used [0x00000000d5d00000,0x00000000d5d40000,0x00000000d5d80000)
  to   space 512K, 0% used [0x00000000d5d80000,0x00000000d5d80000,0x00000000d5e00000)
 ParOldGen       total 247808K, used 247791K [0x0000000080000000, 0x000000008f200000, 0x00000000d5580000)
  object space 247808K, 99% used [0x0000000080000000,0x000000008f1fbd48,0x000000008f200000)
 Metaspace       used 71926K, committed 73408K, reserved 1114112K
  class space    used 7350K, committed 7936K, reserved 1048576K
}
Event: 48.703 GC heap before
{Heap before GC invocations=539 (full 3):
 PSYoungGen      total 7168K, used 6910K [0x00000000d5580000, 0x00000000d5e00000, 0x0000000100000000)
  eden space 6656K, 99% used [0x00000000d5580000,0x00000000d5bff9c8,0x00000000d5c00000)
  from space 512K, 50% used [0x00000000d5d00000,0x00000000d5d40000,0x00000000d5d80000)
  to   space 512K, 0% used [0x00000000d5d80000,0x00000000d5d80000,0x00000000d5e00000)
 ParOldGen       total 247808K, used 247791K [0x0000000080000000, 0x000000008f200000, 0x00000000d5580000)
  object space 247808K, 99% used [0x0000000080000000,0x000000008f1fbd48,0x000000008f200000)
 Metaspace       used 71944K, committed 73408K, reserved 1114112K
  class space    used 7350K, committed 7936K, reserved 1048576K
}
Event: 48.705 GC heap after
{Heap after GC invocations=539 (full 3):
 PSYoungGen      total 7168K, used 416K [0x00000000d5580000, 0x00000000d5e00000, 0x0000000100000000)
  eden space 6656K, 0% used [0x00000000d5580000,0x00000000d5580000,0x00000000d5c00000)
  from space 512K, 81% used [0x00000000d5d80000,0x00000000d5de8000,0x00000000d5e00000)
  to   space 512K, 0% used [0x00000000d5d00000,0x00000000d5d00000,0x00000000d5d80000)
 ParOldGen       total 248320K, used 247847K [0x0000000080000000, 0x000000008f280000, 0x00000000d5580000)
  object space 248320K, 99% used [0x0000000080000000,0x000000008f209d48,0x000000008f280000)
 Metaspace       used 71944K, committed 73408K, reserved 1114112K
  class space    used 7350K, committed 7936K, reserved 1048576K
}
Event: 49.237 GC heap before
{Heap before GC invocations=540 (full 3):
 PSYoungGen      total 7168K, used 7072K [0x00000000d5580000, 0x00000000d5e00000, 0x0000000100000000)
  eden space 6656K, 100% used [0x00000000d5580000,0x00000000d5c00000,0x00000000d5c00000)
  from space 512K, 81% used [0x00000000d5d80000,0x00000000d5de8000,0x00000000d5e00000)
  to   space 512K, 0% used [0x00000000d5d00000,0x00000000d5d00000,0x00000000d5d80000)
 ParOldGen       total 248320K, used 247847K [0x0000000080000000, 0x000000008f280000, 0x00000000d5580000)
  object space 248320K, 99% used [0x0000000080000000,0x000000008f209d48,0x000000008f280000)
 Metaspace       used 71968K, committed 73472K, reserved 1114112K
  class space    used 7352K, committed 7936K, reserved 1048576K
}
Event: 49.239 GC heap after
{Heap after GC invocations=540 (full 3):
 PSYoungGen      total 7168K, used 224K [0x00000000d5580000, 0x00000000d5e00000, 0x0000000100000000)
  eden space 6656K, 0% used [0x00000000d5580000,0x00000000d5580000,0x00000000d5c00000)
  from space 512K, 43% used [0x00000000d5d00000,0x00000000d5d38000,0x00000000d5d80000)
  to   space 512K, 0% used [0x00000000d5d80000,0x00000000d5d80000,0x00000000d5e00000)
 ParOldGen       total 248320K, used 248071K [0x0000000080000000, 0x000000008f280000, 0x00000000d5580000)
  object space 248320K, 99% used [0x0000000080000000,0x000000008f241d48,0x000000008f280000)
 Metaspace       used 71968K, committed 73472K, reserved 1114112K
  class space    used 7352K, committed 7936K, reserved 1048576K
}
Event: 49.771 GC heap before
{Heap before GC invocations=541 (full 3):
 PSYoungGen      total 7168K, used 6880K [0x00000000d5580000, 0x00000000d5e00000, 0x0000000100000000)
  eden space 6656K, 100% used [0x00000000d5580000,0x00000000d5c00000,0x00000000d5c00000)
  from space 512K, 43% used [0x00000000d5d00000,0x00000000d5d38000,0x00000000d5d80000)
  to   space 512K, 0% used [0x00000000d5d80000,0x00000000d5d80000,0x00000000d5e00000)
 ParOldGen       total 248320K, used 248071K [0x0000000080000000, 0x000000008f280000, 0x00000000d5580000)
  object space 248320K, 99% used [0x0000000080000000,0x000000008f241d48,0x000000008f280000)
 Metaspace       used 72044K, committed 73600K, reserved 1179648K
  class space    used 7361K, committed 8000K, reserved 1048576K
}
Event: 49.775 GC heap after
{Heap after GC invocations=541 (full 3):
 PSYoungGen      total 7168K, used 489K [0x00000000d5580000, 0x00000000d5e00000, 0x0000000100000000)
  eden space 6656K, 0% used [0x00000000d5580000,0x00000000d5580000,0x00000000d5c00000)
  from space 512K, 95% used [0x00000000d5d80000,0x00000000d5dfa400,0x00000000d5e00000)
  to   space 1024K, 0% used [0x00000000d5c00000,0x00000000d5c00000,0x00000000d5d00000)
 ParOldGen       total 248832K, used 248439K [0x0000000080000000, 0x000000008f300000, 0x00000000d5580000)
  object space 248832K, 99% used [0x0000000080000000,0x000000008f29dd48,0x000000008f300000)
 Metaspace       used 72044K, committed 73600K, reserved 1179648K
  class space    used 7361K, committed 8000K, reserved 1048576K
}
Event: 49.980 GC heap before
{Heap before GC invocations=542 (full 3):
 PSYoungGen      total 7168K, used 7145K [0x00000000d5580000, 0x00000000d5e00000, 0x0000000100000000)
  eden space 6656K, 100% used [0x00000000d5580000,0x00000000d5c00000,0x00000000d5c00000)
  from space 512K, 95% used [0x00000000d5d80000,0x00000000d5dfa400,0x00000000d5e00000)
  to   space 1024K, 0% used [0x00000000d5c00000,0x00000000d5c00000,0x00000000d5d00000)
 ParOldGen       total 248832K, used 248439K [0x0000000080000000, 0x000000008f300000, 0x00000000d5580000)
  object space 248832K, 99% used [0x0000000080000000,0x000000008f29dd48,0x000000008f300000)
 Metaspace       used 72065K, committed 73600K, reserved 1179648K
  class space    used 7362K, committed 8000K, reserved 1048576K
}
Event: 49.985 GC heap after
{Heap after GC invocations=542 (full 3):
 PSYoungGen      total 7680K, used 1012K [0x00000000d5580000, 0x00000000d6000000, 0x0000000100000000)
  eden space 6656K, 0% used [0x00000000d5580000,0x00000000d5580000,0x00000000d5c00000)
  from space 1024K, 98% used [0x00000000d5c00000,0x00000000d5cfd220,0x00000000d5d00000)
  to   space 2048K, 0% used [0x00000000d5e00000,0x00000000d5e00000,0x00000000d6000000)
 ParOldGen       total 249344K, used 248912K [0x0000000080000000, 0x000000008f380000, 0x00000000d5580000)
  object space 249344K, 99% used [0x0000000080000000,0x000000008f314158,0x000000008f380000)
 Metaspace       used 72065K, committed 73600K, reserved 1179648K
  class space    used 7362K, committed 8000K, reserved 1048576K
}
Event: 50.154 GC heap before
{Heap before GC invocations=543 (full 3):
 PSYoungGen      total 7680K, used 7668K [0x00000000d5580000, 0x00000000d6000000, 0x0000000100000000)
  eden space 6656K, 100% used [0x00000000d5580000,0x00000000d5c00000,0x00000000d5c00000)
  from space 1024K, 98% used [0x00000000d5c00000,0x00000000d5cfd220,0x00000000d5d00000)
  to   space 2048K, 0% used [0x00000000d5e00000,0x00000000d5e00000,0x00000000d6000000)
 ParOldGen       total 249344K, used 248912K [0x0000000080000000, 0x000000008f380000, 0x00000000d5580000)
  object space 249344K, 99% used [0x0000000080000000,0x000000008f314158,0x000000008f380000)
 Metaspace       used 72114K, committed 73600K, reserved 1179648K
  class space    used 7367K, committed 8000K, reserved 1048576K
}
Event: 50.164 GC heap after
{Heap after GC invocations=543 (full 3):
 PSYoungGen      total 8192K, used 1294K [0x00000000d5580000, 0x00000000d5f80000, 0x0000000100000000)
  eden space 6656K, 0% used [0x00000000d5580000,0x00000000d5580000,0x00000000d5c00000)
  from space 1536K, 84% used [0x00000000d5e00000,0x00000000d5f43bc8,0x00000000d5f80000)
  to   space 1536K, 0% used [0x00000000d5c80000,0x00000000d5c80000,0x00000000d5e00000)
 ParOldGen       total 249856K, used 249652K [0x0000000080000000, 0x000000008f400000, 0x00000000d5580000)
  object space 249856K, 99% used [0x0000000080000000,0x000000008f3cd378,0x000000008f400000)
 Metaspace       used 72114K, committed 73600K, reserved 1179648K
  class space    used 7367K, committed 8000K, reserved 1048576K
}
Event: 50.423 GC heap before
{Heap before GC invocations=544 (full 3):
 PSYoungGen      total 8192K, used 7950K [0x00000000d5580000, 0x00000000d5f80000, 0x0000000100000000)
  eden space 6656K, 100% used [0x00000000d5580000,0x00000000d5c00000,0x00000000d5c00000)
  from space 1536K, 84% used [0x00000000d5e00000,0x00000000d5f43bc8,0x00000000d5f80000)
  to   space 1536K, 0% used [0x00000000d5c80000,0x00000000d5c80000,0x00000000d5e00000)
 ParOldGen       total 249856K, used 249652K [0x0000000080000000, 0x000000008f400000, 0x00000000d5580000)
  object space 249856K, 99% used [0x0000000080000000,0x000000008f3cd378,0x000000008f400000)
 Metaspace       used 72146K, committed 73664K, reserved 1179648K
  class space    used 7369K, committed 8000K, reserved 1048576K
}
Event: 50.429 GC heap after
{Heap after GC invocations=544 (full 3):
 PSYoungGen      total 7680K, used 996K [0x00000000d5580000, 0x00000000d5f00000, 0x0000000100000000)
  eden space 6656K, 0% used [0x00000000d5580000,0x00000000d5580000,0x00000000d5c00000)
  from space 1024K, 97% used [0x00000000d5c80000,0x00000000d5d79210,0x00000000d5d80000)
  to   space 1536K, 0% used [0x00000000d5d80000,0x00000000d5d80000,0x00000000d5f00000)
 ParOldGen       total 250880K, used 250825K [0x0000000080000000, 0x000000008f500000, 0x00000000d5580000)
  object space 250880K, 99% used [0x0000000080000000,0x000000008f4f2650,0x000000008f500000)
 Metaspace       used 72146K, committed 73664K, reserved 1179648K
  class space    used 7369K, committed 8000K, reserved 1048576K
}

